2024-01-15 01:55:27,198 [INFO] Activator:176 - 


2024-01-15 01:55:27,204 [INFO] Activator:177 - !SESSION log4j initialized
2024-01-15 01:55:32,314 [INFO] LogOutputStream:77 - [STDOUT_REDIRECT] 
2024-01-15 01:55:54,703 [ERROR] LogOutputStream:75 - [STDERR_REDIRECT] SLF4J: Failed to load class "org.slf4j.impl.StaticLoggerBinder".
2024-01-15 01:55:54,704 [ERROR] LogOutputStream:75 - [STDERR_REDIRECT] SLF4J: Defaulting to no-operation (NOP) logger implementation
2024-01-15 01:55:54,706 [ERROR] LogOutputStream:75 - [STDERR_REDIRECT] SLF4J: See http://www.slf4j.org/codes.html#StaticLoggerBinder for further details.
2024-01-15 18:37:41,521 [INFO] Activator:176 - 


2024-01-15 18:37:41,522 [INFO] Activator:177 - !SESSION log4j initialized
2024-01-15 18:37:46,831 [INFO] LogOutputStream:77 - [STDOUT_REDIRECT] 
2024-01-15 18:38:09,630 [ERROR] LogOutputStream:75 - [STDERR_REDIRECT] SLF4J: Failed to load class "org.slf4j.impl.StaticLoggerBinder".
2024-01-15 18:38:09,631 [ERROR] LogOutputStream:75 - [STDERR_REDIRECT] SLF4J: Defaulting to no-operation (NOP) logger implementation
2024-01-15 18:38:09,631 [ERROR] LogOutputStream:75 - [STDERR_REDIRECT] SLF4J: See http://www.slf4j.org/codes.html#StaticLoggerBinder for further details.
2024-01-15 22:43:29,521 [INFO] Activator:176 - 


2024-01-15 22:43:29,522 [INFO] Activator:177 - !SESSION log4j initialized
2024-01-15 22:43:35,515 [INFO] LogOutputStream:77 - [STDOUT_REDIRECT] 
2024-01-15 22:43:57,570 [ERROR] LogOutputStream:75 - [STDERR_REDIRECT] SLF4J: Failed to load class "org.slf4j.impl.StaticLoggerBinder".
2024-01-15 22:43:57,570 [ERROR] LogOutputStream:75 - [STDERR_REDIRECT] SLF4J: Defaulting to no-operation (NOP) logger implementation
2024-01-15 22:43:57,571 [ERROR] LogOutputStream:75 - [STDERR_REDIRECT] SLF4J: See http://www.slf4j.org/codes.html#StaticLoggerBinder for further details.
2024-01-15 23:58:23,960 [INFO] Activator:176 - 


2024-01-15 23:58:23,962 [INFO] Activator:177 - !SESSION log4j initialized
2024-01-15 23:58:29,072 [INFO] LogOutputStream:77 - [STDOUT_REDIRECT] 
2024-01-15 23:58:51,280 [ERROR] LogOutputStream:75 - [STDERR_REDIRECT] SLF4J: Failed to load class "org.slf4j.impl.StaticLoggerBinder".
2024-01-15 23:58:51,281 [ERROR] LogOutputStream:75 - [STDERR_REDIRECT] SLF4J: Defaulting to no-operation (NOP) logger implementation
2024-01-15 23:58:51,282 [ERROR] LogOutputStream:75 - [STDERR_REDIRECT] SLF4J: See http://www.slf4j.org/codes.html#StaticLoggerBinder for further details.
