2024-01-11 13:50:50,238 [INFO] Activator:176 - 


2024-01-11 13:50:50,245 [INFO] Activator:177 - !SESSION log4j initialized
2024-01-11 13:50:56,213 [INFO] LogOutputStream:77 - [STDOUT_REDIRECT] 
2024-01-11 13:51:18,782 [ERROR] LogOutputStream:75 - [STDERR_REDIRECT] SLF4J: Failed to load class "org.slf4j.impl.StaticLoggerBinder".
2024-01-11 13:51:18,783 [ERROR] LogOutputStream:75 - [STDERR_REDIRECT] SLF4J: Defaulting to no-operation (NOP) logger implementation
2024-01-11 13:51:18,784 [ERROR] LogOutputStream:75 - [STDERR_REDIRECT] SLF4J: See http://www.slf4j.org/codes.html#StaticLoggerBinder for further details.
2024-01-11 15:21:48,437 [INFO] ApplicationProperties:184 - Using Application install path: C:\ST\STM32CubeIDE_1.7.0\STM32CubeIDE\plugins\com.st.stm32cube.common.mx_6.8.0.202302231600
2024-01-11 15:21:48,463 [INFO] DbMcusXml:78 - Set database path to: C:\ST\STM32CubeIDE_1.7.0\STM32CubeIDE\plugins\com.st.stm32cube.common.mx_6.8.0.202302231600\\db\/mcu/
2024-01-11 15:21:48,463 [INFO] ApiDb:274 - Set plugin database path to: C:\ST\STM32CubeIDE_1.7.0\STM32CubeIDE\plugins\com.st.stm32cube.common.mx_6.8.0.202302231600\\db\/plugins/boardmanager/
2024-01-11 15:21:48,464 [WARN] ApiDb:259 - Overriding images path with different value:  => C:\ST\STM32CubeIDE_1.7.0\STM32CubeIDE\plugins\com.st.stm32cube.common.mx_6.8.0.202302231600\\db\/plugins/mcufinder/images/
2024-01-11 15:21:48,482 [INFO] ApiDb:250 - Set database path to: C:\Users\Huy\.stmcufinder\plugins\mcufinder//mcu/
2024-01-11 15:21:48,484 [INFO] DbMcusAds:125 - Set database path to: C:\Users\Huy\.stmcufinder\plugins\mcufinder//mcu/
2024-01-11 15:21:48,498 [INFO] CrossReferenceDbSqlite:203 - Set database path to: C:\Users\Huy\.stmcufinder\plugins\mcufinder//mcu/cs/
2024-01-11 15:21:48,622 [INFO] RulesReader:64 - Compatibility file has been processed (293 Rules)
2024-01-11 15:21:48,696 [INFO] DbMcusXml:78 - Set database path to: C:\ST\STM32CubeIDE_1.7.0\STM32CubeIDE\plugins\com.st.stm32cube.common.mx_6.8.0.202302231600\\db\/mcu/
2024-01-11 15:21:48,696 [INFO] ApiDb:274 - Set plugin database path to: C:\ST\STM32CubeIDE_1.7.0\STM32CubeIDE\plugins\com.st.stm32cube.common.mx_6.8.0.202302231600\\db\/plugins/boardmanager/
2024-01-11 15:21:48,696 [INFO] ApiDb:261 - Set plugin images path to: C:\ST\STM32CubeIDE_1.7.0\STM32CubeIDE\plugins\com.st.stm32cube.common.mx_6.8.0.202302231600\\db\/plugins/mcufinder/images/
2024-01-11 15:21:48,697 [WARN] DbFile:41 - Overriding database path with different value: C:\Users\Huy\.stmcufinder\plugins\mcufinder/ => C:\Users\Huy\.stmcufinder\plugins\mcufinder
2024-01-11 15:21:48,697 [INFO] ApiDb:250 - Set database path to: C:\Users\Huy\.stmcufinder\plugins\mcufinder//mcu/
2024-01-11 15:21:48,697 [WARN] DbFile:41 - Overriding database path with different value: C:\Users\Huy\.stmcufinder\plugins\mcufinder/ => C:\Users\Huy\.stmcufinder\plugins\mcufinder
2024-01-11 15:21:48,697 [INFO] DbMcusAds:125 - Set database path to: C:\Users\Huy\.stmcufinder\plugins\mcufinder//mcu/
2024-01-11 15:21:48,697 [WARN] DbFile:41 - Overriding database path with different value: C:\Users\Huy\.stmcufinder\plugins\mcufinder/ => C:\Users\Huy\.stmcufinder\plugins\mcufinder
2024-01-11 15:21:48,697 [WARN] DbFile:41 - Overriding database path with different value: C:\Users\Huy\.stmcufinder\plugins\mcufinder/ => C:\Users\Huy\.stmcufinder\plugins\mcufinder
2024-01-11 15:21:48,697 [INFO] CrossReferenceDbSqlite:203 - Set database path to: C:\Users\Huy\.stmcufinder\plugins\mcufinder//mcu/cs/
2024-01-11 15:21:48,764 [INFO] MainPanel:253 - HeapMemory: 557842432
2024-01-11 15:21:48,866 [INFO] DbMcusXml:78 - Set database path to: C:\ST\STM32CubeIDE_1.7.0\STM32CubeIDE\plugins\com.st.stm32cube.common.mx_6.8.0.202302231600\\db\/mcu/
2024-01-11 15:21:48,867 [INFO] ApiDb:274 - Set plugin database path to: C:\ST\STM32CubeIDE_1.7.0\STM32CubeIDE\plugins\com.st.stm32cube.common.mx_6.8.0.202302231600\\db\/plugins/boardmanager/
2024-01-11 15:21:48,867 [INFO] ApiDb:261 - Set plugin images path to: C:\ST\STM32CubeIDE_1.7.0\STM32CubeIDE\plugins\com.st.stm32cube.common.mx_6.8.0.202302231600\\db\/plugins/mcufinder/images/
2024-01-11 15:21:48,867 [WARN] DbFile:41 - Overriding database path with different value: C:\Users\Huy\.stmcufinder\plugins\mcufinder/ => C:\Users\Huy\.stmcufinder\plugins\mcufinder
2024-01-11 15:21:48,867 [INFO] ApiDb:250 - Set database path to: C:\Users\Huy\.stmcufinder\plugins\mcufinder//mcu/
2024-01-11 15:21:48,867 [WARN] DbFile:41 - Overriding database path with different value: C:\Users\Huy\.stmcufinder\plugins\mcufinder/ => C:\Users\Huy\.stmcufinder\plugins\mcufinder
2024-01-11 15:21:48,867 [INFO] DbMcusAds:125 - Set database path to: C:\Users\Huy\.stmcufinder\plugins\mcufinder//mcu/
2024-01-11 15:21:48,867 [WARN] DbFile:41 - Overriding database path with different value: C:\Users\Huy\.stmcufinder\plugins\mcufinder/ => C:\Users\Huy\.stmcufinder\plugins\mcufinder
2024-01-11 15:21:48,867 [WARN] DbFile:41 - Overriding database path with different value: C:\Users\Huy\.stmcufinder\plugins\mcufinder/ => C:\Users\Huy\.stmcufinder\plugins\mcufinder
2024-01-11 15:21:48,867 [INFO] CrossReferenceDbSqlite:203 - Set database path to: C:\Users\Huy\.stmcufinder\plugins\mcufinder//mcu/cs/
2024-01-11 15:21:48,884 [INFO] ApplicationProperties:184 - Using Application install path: C:\ST\STM32CubeIDE_1.7.0\STM32CubeIDE\plugins\com.st.stm32cube.common.mx_6.8.0.202302231600
2024-01-11 15:21:48,886 [INFO] PluginManage:196 - Search for loadable plugins [exclusion list=, ]
2024-01-11 15:21:48,887 [INFO] PluginManage:310 - Check plugin analytics
2024-01-11 15:21:49,062 [INFO] AnalyticsPlugin:253 - Accepted Software Licenses: 
2024-01-11 15:21:49,062 [INFO] AnalyticsPlugin:255 - Accepted CMSIS Pack Licenses: 
2024-01-11 15:21:49,062 [INFO] AnalyticsPlugin:257 - Accepted Firmware Licenses: FW.F4.1.27.0
2024-01-11 15:21:49,073 [INFO] PluginManage:359 - Loaded plugin analytics (category:tool,tabindex:-1)
2024-01-11 15:21:49,074 [INFO] PluginManage:310 - Check plugin cadmodel
2024-01-11 15:21:49,094 [INFO] CADModel:105 - Init CAD model plugin
2024-01-11 15:21:49,094 [INFO] PluginManage:359 - Loaded plugin cadmodel (category:power,tabindex:5)
2024-01-11 15:21:49,094 [INFO] PluginManage:310 - Check plugin clock
2024-01-11 15:21:49,117 [INFO] PluginManage:359 - Loaded plugin clock (category:base,tabindex:2)
2024-01-11 15:21:49,117 [INFO] PluginManage:310 - Check plugin ddr
2024-01-11 15:21:49,121 [INFO] PluginManage:359 - Loaded plugin ddr (category:tool,tabindex:6)
2024-01-11 15:21:49,121 [INFO] PluginManage:310 - Check plugin filemanager
2024-01-11 15:21:49,275 [INFO] PluginManage:359 - Loaded plugin filemanager (category:base,tabindex:10)
2024-01-11 15:21:49,276 [INFO] PluginManage:310 - Check plugin ipmanager
2024-01-11 15:21:49,285 [INFO] PluginManage:359 - Loaded plugin ipmanager (category:base,tabindex:5)
2024-01-11 15:21:49,285 [INFO] PluginManage:310 - Check plugin lpbam
2024-01-11 15:21:49,306 [INFO] PluginManage:359 - Loaded plugin lpbam (category:base,tabindex:0)
2024-01-11 15:21:49,307 [INFO] PluginManage:310 - Check plugin pinoutandconfiguration
2024-01-11 15:21:49,322 [INFO] PluginManage:359 - Loaded plugin pinoutandconfiguration (category:base,tabindex:1)
2024-01-11 15:21:49,322 [INFO] PluginManage:310 - Check plugin pinoutconfig
2024-01-11 15:21:49,430 [WARN] SupportedApi:132 - Cannot load RTOS API schema: s4s-elt-must-match.1: The content of 'definitions' must match (annotation?, (simpleType | complexType)?, (unique | key | keyref)*)). A problem was found starting at: attribute.
2024-01-11 15:21:49,553 [INFO] PluginManage:359 - Loaded plugin pinoutconfig (category:base,tabindex:0)
2024-01-11 15:21:49,553 [INFO] PluginManage:310 - Check plugin power
2024-01-11 15:21:49,573 [INFO] PluginManage:359 - Loaded plugin power (category:power,tabindex:4)
2024-01-11 15:21:49,573 [INFO] PluginManage:310 - Check plugin projectmanager
2024-01-11 15:21:49,608 [INFO] PluginManage:359 - Loaded plugin projectmanager (category:projectmanager,tabindex:3)
2024-01-11 15:21:49,608 [INFO] PluginManage:310 - Check plugin thirdparty
2024-01-11 15:21:49,826 [INFO] PluginManage:359 - Loaded plugin thirdparty (category:base,tabindex:-1)
2024-01-11 15:21:49,826 [WARN] IntegrityCheckThread:84 - waiting for thirdparty lock release [integrity check]
2024-01-11 15:21:49,826 [INFO] IntegrityCheckThread:86 - entering critical section [integrity check]
2024-01-11 15:21:49,826 [INFO] PluginManage:310 - Check plugin tools
2024-01-11 15:21:49,827 [INFO] ThirdPartyUpdaterWithRetryManager:70 - Updater plugin not ready yet. [1/15]
2024-01-11 15:21:49,853 [INFO] PluginManage:359 - Loaded plugin tools (category:base,tabindex:7)
2024-01-11 15:21:49,853 [INFO] PluginManage:310 - Check plugin tutovideos
2024-01-11 15:21:50,077 [INFO] PluginManage:359 - Loaded plugin tutovideos (category:base,tabindex:-1)
2024-01-11 15:21:50,077 [INFO] PluginManage:310 - Check plugin updater
2024-01-11 15:21:50,092 [INFO] PluginManage:359 - Loaded plugin updater (category:base,tabindex:12)
2024-01-11 15:21:50,093 [INFO] PluginManage:283 - PluginManage : Loaded plugins [15]
2024-01-11 15:21:50,339 [INFO] PinOutPanel:1499 - setPackage(No Configuration,No Configuration)
2024-01-11 15:21:50,396 [INFO] CADModel:165 - CPN selected for project level
2024-01-11 15:21:50,396 [INFO] CADModel:114 - Register for checkConnection events
2024-01-11 15:21:50,423 [INFO] IPUIPlugin:80 - create IPUIPlugin
2024-01-11 15:21:50,423 [INFO] PluginManager:220 - loadIPPluginJar : add adc
2024-01-11 15:21:50,449 [INFO] IPUIPlugin:80 - create IPUIPlugin
2024-01-11 15:21:50,450 [INFO] PluginManager:220 - loadIPPluginJar : add aes
2024-01-11 15:21:50,489 [INFO] IPUIPlugin:80 - create IPUIPlugin
2024-01-11 15:21:50,489 [INFO] PluginManager:220 - loadIPPluginJar : add can
2024-01-11 15:21:50,510 [INFO] IPUIPlugin:80 - create IPUIPlugin
2024-01-11 15:21:50,510 [INFO] PluginManager:220 - loadIPPluginJar : add comp
2024-01-11 15:21:50,537 [INFO] IPUIPlugin:80 - create IPUIPlugin
2024-01-11 15:21:50,537 [INFO] PluginManager:220 - loadIPPluginJar : add cryp
2024-01-11 15:21:50,560 [INFO] IPUIPlugin:80 - create IPUIPlugin
2024-01-11 15:21:50,560 [INFO] PluginManager:220 - loadIPPluginJar : add dfsdm
2024-01-11 15:21:50,573 [INFO] IPUIPlugin:80 - create IPUIPlugin
2024-01-11 15:21:50,573 [INFO] PluginManager:220 - loadIPPluginJar : add dma
2024-01-11 15:21:50,604 [INFO] IPUIPlugin:80 - create IPUIPlugin
2024-01-11 15:21:50,604 [INFO] PluginManager:220 - loadIPPluginJar : add dma3
2024-01-11 15:21:50,620 [INFO] IPUIPlugin:80 - create IPUIPlugin
2024-01-11 15:21:50,620 [INFO] PluginManager:220 - loadIPPluginJar : add fatfs
2024-01-11 15:21:50,653 [INFO] IPUIPlugin:80 - create IPUIPlugin
2024-01-11 15:21:50,653 [INFO] PluginManager:220 - loadIPPluginJar : add fmc
2024-01-11 15:21:50,668 [INFO] IPUIPlugin:80 - create IPUIPlugin
2024-01-11 15:21:50,668 [INFO] PluginManager:220 - loadIPPluginJar : add freertos
2024-01-11 15:21:50,682 [INFO] IPUIPlugin:80 - create IPUIPlugin
2024-01-11 15:21:50,683 [INFO] PluginManager:220 - loadIPPluginJar : add genericplugin
2024-01-11 15:21:50,757 [INFO] IPUIPlugin:80 - create IPUIPlugin
2024-01-11 15:21:50,757 [INFO] PluginManager:220 - loadIPPluginJar : add gfxmmu
2024-01-11 15:21:50,852 [INFO] IPUIPlugin:80 - create IPUIPlugin
2024-01-11 15:21:50,852 [INFO] PluginManager:220 - loadIPPluginJar : add gic
2024-01-11 15:21:50,866 [INFO] IPUIPlugin:80 - create IPUIPlugin
2024-01-11 15:21:50,866 [INFO] PluginManager:220 - loadIPPluginJar : add gpio
2024-01-11 15:21:50,926 [INFO] IPUIPlugin:80 - create IPUIPlugin
2024-01-11 15:21:50,927 [INFO] PluginManager:220 - loadIPPluginJar : add gtzc
2024-01-11 15:21:50,949 [INFO] IPUIPlugin:80 - create IPUIPlugin
2024-01-11 15:21:50,949 [INFO] PluginManager:220 - loadIPPluginJar : add hash
2024-01-11 15:21:50,985 [INFO] IPUIPlugin:80 - create IPUIPlugin
2024-01-11 15:21:50,985 [INFO] PluginManager:220 - loadIPPluginJar : add i2c
2024-01-11 15:21:51,013 [INFO] IPUIPlugin:80 - create IPUIPlugin
2024-01-11 15:21:51,013 [INFO] PluginManager:220 - loadIPPluginJar : add i2s
2024-01-11 15:21:51,042 [INFO] IPUIPlugin:80 - create IPUIPlugin
2024-01-11 15:21:51,042 [INFO] PluginManager:220 - loadIPPluginJar : add i3c
2024-01-11 15:21:51,118 [INFO] IPUIPlugin:80 - create IPUIPlugin
2024-01-11 15:21:51,118 [INFO] PluginManager:220 - loadIPPluginJar : add ipddr
2024-01-11 15:21:51,181 [INFO] IPUIPlugin:80 - create IPUIPlugin
2024-01-11 15:21:51,181 [INFO] PluginManager:220 - loadIPPluginJar : add linkedlist
2024-01-11 15:21:51,205 [INFO] IPUIPlugin:80 - create IPUIPlugin
2024-01-11 15:21:51,205 [INFO] PluginManager:220 - loadIPPluginJar : add lorawan
2024-01-11 15:21:51,229 [INFO] IPUIPlugin:80 - create IPUIPlugin
2024-01-11 15:21:51,229 [INFO] PluginManager:220 - loadIPPluginJar : add ltdc
2024-01-11 15:21:51,243 [INFO] IPUIPlugin:80 - create IPUIPlugin
2024-01-11 15:21:51,244 [INFO] PluginManager:220 - loadIPPluginJar : add mdma
2024-01-11 15:21:51,254 [INFO] IPUIPlugin:80 - create IPUIPlugin
2024-01-11 15:21:51,255 [INFO] PluginManager:220 - loadIPPluginJar : add nvic
2024-01-11 15:21:51,283 [INFO] IPUIPlugin:80 - create IPUIPlugin
2024-01-11 15:21:51,283 [INFO] PluginManager:220 - loadIPPluginJar : add opamp
2024-01-11 15:21:51,338 [INFO] IPUIPlugin:80 - create IPUIPlugin
2024-01-11 15:21:51,338 [INFO] PluginManager:220 - loadIPPluginJar : add openamp
2024-01-11 15:21:51,377 [INFO] IPUIPlugin:80 - create IPUIPlugin
2024-01-11 15:21:51,377 [INFO] PluginManager:220 - loadIPPluginJar : add pdm2pcm
2024-01-11 15:21:51,391 [INFO] IPUIPlugin:80 - create IPUIPlugin
2024-01-11 15:21:51,393 [INFO] PluginManager:220 - loadIPPluginJar : add plateformsettings
2024-01-11 15:21:51,415 [INFO] IPUIPlugin:80 - create IPUIPlugin
2024-01-11 15:21:51,415 [INFO] PluginManager:220 - loadIPPluginJar : add quadspi
2024-01-11 15:21:51,428 [INFO] IPUIPlugin:80 - create IPUIPlugin
2024-01-11 15:21:51,428 [INFO] PluginManager:220 - loadIPPluginJar : add resmgrutility
2024-01-11 15:21:51,467 [INFO] IPUIPlugin:80 - create IPUIPlugin
2024-01-11 15:21:51,467 [INFO] PluginManager:220 - loadIPPluginJar : add sai
2024-01-11 15:21:51,495 [INFO] IPUIPlugin:80 - create IPUIPlugin
2024-01-11 15:21:51,495 [INFO] PluginManager:220 - loadIPPluginJar : add spi
2024-01-11 15:21:51,537 [INFO] IPUIPlugin:80 - create IPUIPlugin
2024-01-11 15:21:51,538 [INFO] PluginManager:220 - loadIPPluginJar : add stm32_wpan
2024-01-11 15:21:51,554 [INFO] IPUIPlugin:80 - create IPUIPlugin
2024-01-11 15:21:51,554 [INFO] PluginManager:220 - loadIPPluginJar : add tim
2024-01-11 15:21:51,593 [INFO] IPUIPlugin:80 - create IPUIPlugin
2024-01-11 15:21:51,593 [INFO] PluginManager:220 - loadIPPluginJar : add touchsensing
2024-01-11 15:21:51,613 [INFO] IPUIPlugin:80 - create IPUIPlugin
2024-01-11 15:21:51,613 [INFO] PluginManager:220 - loadIPPluginJar : add tracer_emb
2024-01-11 15:21:51,629 [INFO] IPUIPlugin:80 - create IPUIPlugin
2024-01-11 15:21:51,629 [INFO] PluginManager:220 - loadIPPluginJar : add ts
2024-01-11 15:21:51,645 [INFO] IPUIPlugin:80 - create IPUIPlugin
2024-01-11 15:21:51,645 [INFO] PluginManager:220 - loadIPPluginJar : add tsc
2024-01-11 15:21:51,662 [INFO] IPUIPlugin:80 - create IPUIPlugin
2024-01-11 15:21:51,662 [INFO] PluginManager:220 - loadIPPluginJar : add ucpd
2024-01-11 15:21:51,697 [INFO] IPUIPlugin:80 - create IPUIPlugin
2024-01-11 15:21:51,697 [INFO] PluginManager:220 - loadIPPluginJar : add usart
2024-01-11 15:21:51,726 [INFO] IPUIPlugin:80 - create IPUIPlugin
2024-01-11 15:21:51,726 [INFO] PluginManager:220 - loadIPPluginJar : add usbx
2024-01-11 15:21:51,847 [INFO] CADModel:165 - CPN selected for project level
2024-01-11 15:21:51,847 [INFO] CADModel:114 - Register for checkConnection events
2024-01-11 15:21:51,847 [FATAL] Updater:308 - Updater called before beeing initialized
2024-01-11 15:21:51,848 [ERROR] CADModel:125 - Updater not yet initialized, retry later 
2024-01-11 15:21:52,003 [INFO] CADModel:165 - CPN selected for project level
2024-01-11 15:21:52,004 [INFO] CADModel:114 - Register for checkConnection events
2024-01-11 15:21:52,004 [FATAL] Updater:308 - Updater called before beeing initialized
2024-01-11 15:21:52,004 [ERROR] CADModel:125 - Updater not yet initialized, retry later 
2024-01-11 15:21:52,006 [FATAL] Updater:308 - Updater called before beeing initialized
2024-01-11 15:21:52,100 [FATAL] Updater:308 - Updater called before beeing initialized
2024-01-11 15:21:52,111 [INFO] DbMcusAds:53 - JSON generation date=Wed Nov 29 17:52:27 ICT 2023 (1701255147349)
2024-01-11 15:21:52,111 [FATAL] Updater:308 - Updater called before beeing initialized
2024-01-11 15:21:52,192 [WARN] DetailPanel:346 - Failed to get advertising image, set to default
2024-01-11 15:21:52,331 [FATAL] Updater:308 - Updater called before beeing initialized
2024-01-11 15:21:52,334 [FATAL] Updater:308 - Updater called before beeing initialized
2024-01-11 15:21:52,334 [FATAL] Updater:308 - Updater called before beeing initialized
2024-01-11 15:21:52,334 [WARN] DetailPanel:346 - Failed to get advertising image, set to default
2024-01-11 15:21:52,335 [FATAL] Updater:308 - Updater called before beeing initialized
2024-01-11 15:21:52,388 [ERROR] Updater:1120 - MainUpdater not yet initialized. External WinMGr cannot be set.
2024-01-11 15:21:52,400 [INFO] Updater:1056 - Updater Version found : 6.8.0
2024-01-11 15:21:52,421 [INFO] ApplicationProperties:184 - Using Application install path: C:\ST\STM32CubeIDE_1.7.0\STM32CubeIDE\plugins\com.st.stm32cube.common.mx_6.8.0.202302231600
2024-01-11 15:21:52,705 [INFO] MainUpdater:2854 - connection check result : 10
2024-01-11 15:21:52,705 [INFO] MainUpdater:3548 - Updater definition file requires update
2024-01-11 15:21:52,706 [INFO] MainUpdater:283 - Updater Check For Update Now.
2024-01-11 15:21:52,706 [INFO] MicroXplorer:498 - Change Database Version : DB.6.0.80
2024-01-11 15:21:52,849 [WARN] MainUpdater:1187 - Updater busy. Cannot search thirdparties
2024-01-11 15:21:52,849 [INFO] ThirdPartyUpdaterWithRetryManager:96 - Updater plugin is busy. [1/15]
2024-01-11 15:21:52,885 [INFO] ServerAccessManage:473 - Download File updaters.zip
2024-01-11 15:21:53,011 [INFO] FileExtend:240 - Unzip File : updaters.zip
2024-01-11 15:21:53,011 [INFO] FileExtend:255 - Standard Zip Deflate
2024-01-11 15:21:53,612 [INFO] ServerAccessManage:473 - Download File PacksControlFlags.xml
2024-01-11 15:21:53,757 [INFO] ServerAccessManage:473 - Download File cubemx.pidx
2024-01-11 15:21:54,565 [INFO] ServerAccessManage:473 - Download File STMicroelectronics.X-CUBE-TOUCHGFX.pdsc
2024-01-11 15:21:55,861 [WARN] MainUpdater:1187 - Updater busy. Cannot search thirdparties
2024-01-11 15:21:55,861 [INFO] ThirdPartyUpdaterWithRetryManager:96 - Updater plugin is busy. [2/15]
2024-01-11 15:21:57,843 [WARN] PackLoader:240 - Cannot read IP mode file for STMicroelectronics.X-CUBE-TOUCHGFX.4.23.0
2024-01-11 15:21:57,844 [INFO] PopulateThirdPartyThread:66 - Ending populate Thread
2024-01-11 15:21:57,848 [INFO] ThirdParty:1030 - CMSIS Pack Vendor :STMicroelectronics X-CUBE-TOUCHGFX 4.23.0
2024-01-11 15:21:57,848 [INFO] LoadServerUpdatesThread:373 - End of LoadServerUpdate Thread
2024-01-11 15:21:57,965 [INFO] CheckServerUpdateThread:120 - End of CheckServer Thread
2024-01-11 15:21:58,039 [INFO] MainUpdater:2854 - connection check result : 10
2024-01-11 15:21:58,056 [INFO] MainUpdater:2854 - connection check result : 10
2024-01-11 15:21:58,228 [INFO] MicroXplorer:468 - Change Database Path : 
2024-01-11 15:21:58,229 [INFO] MicroXplorer:498 - Change Database Version : DB.6.0.80
2024-01-11 15:21:58,229 [WARN] ThirdParty:871 - waiting for thirdparty lock release [close project]
2024-01-11 15:21:59,041 [WARN] PackLoader:240 - Cannot read IP mode file for STMicroelectronics.X-CUBE-SMBUS.2.1.0
2024-01-11 15:21:59,043 [WARN] PackLoader:240 - Cannot read IP mode file for STMicroelectronics.X-CUBE-TOUCHGFX.4.23.0
2024-01-11 15:21:59,076 [WARN] PackLoader:240 - Cannot read IP mode file for STMicroelectronics.X-CUBE-AZRTOS-F7.1.1.0
2024-01-11 15:21:59,091 [WARN] PackLoader:240 - Cannot read IP mode file for STMicroelectronics.FP-SNS-MOTENV1.4.3.2
2024-01-11 15:21:59,105 [WARN] PackLoader:240 - Cannot read IP mode file for STMicroelectronics.X-CUBE-BLE1.6.2.3
2024-01-11 15:21:59,118 [WARN] PackLoader:240 - Cannot read IP mode file for STMicroelectronics.X-CUBE-BLE1.6.2.4
2024-01-11 15:21:59,130 [WARN] PackLoader:240 - Cannot read IP mode file for STMicroelectronics.FP-SNS-FLIGHT1.5.0.2
2024-01-11 15:21:59,147 [WARN] PackLoader:240 - Cannot read IP mode file for STMicroelectronics.X-CUBE-TOF1.3.1.0
2024-01-11 15:21:59,165 [WARN] PackLoader:240 - Cannot read IP mode file for STMicroelectronics.X-CUBE-DISPLAY.3.0.0
2024-01-11 15:21:59,180 [WARN] PackLoader:240 - Cannot read IP mode file for STMicroelectronics.X-CUBE-BLE1.7.0.0
2024-01-11 15:21:59,190 [WARN] PackLoader:240 - Cannot read IP mode file for STMicroelectronics.X-CUBE-TOUCHGFX.4.22.0
2024-01-11 15:21:59,199 [WARN] PackLoader:240 - Cannot read IP mode file for STMicroelectronics.X-CUBE-TOUCHGFX.4.22.1
2024-01-11 15:21:59,274 [WARN] PackLoader:240 - Cannot read IP mode file for STMicroelectronics.X-CUBE-MEMS1.9.3.0
2024-01-11 15:21:59,390 [WARN] PackLoader:240 - Cannot read IP mode file for STMicroelectronics.X-CUBE-AI.7.2.0
2024-01-11 15:21:59,399 [WARN] PackLoader:240 - Cannot read IP mode file for STMicroelectronics.FP-SNS-SMARTAG2.1.2.0
2024-01-11 15:21:59,417 [INFO] LogOutputStream:77 - [STDOUT_REDIRECT] 1 : Invalid condition id : UX_CORESTACK_Condition cause : null
2024-01-11 15:21:59,417 [INFO] LogOutputStream:77 - [STDOUT_REDIRECT] 1 : Invalid condition id : UX_CORESTACK_Condition cause : null
2024-01-11 15:21:59,418 [INFO] LogOutputStream:77 - [STDOUT_REDIRECT] 1 : Invalid condition id : UX_CORESTACK_Condition cause : null
2024-01-11 15:21:59,419 [INFO] LogOutputStream:77 - [STDOUT_REDIRECT] 1 : Invalid condition id : UX_CORESTACK_Condition cause : null
2024-01-11 15:21:59,419 [INFO] LogOutputStream:77 - [STDOUT_REDIRECT] 1 : Invalid condition id : UX_CORESTACK_Condition cause : null
2024-01-11 15:21:59,422 [WARN] PackLoader:240 - Cannot read IP mode file for STMicroelectronics.X-CUBE-AZRTOS-WL.2.0.0
2024-01-11 15:21:59,436 [WARN] PackLoader:240 - Cannot read IP mode file for WES.I-CUBE-Cesium.1.3.0
2024-01-11 15:21:59,447 [WARN] PackLoader:240 - Cannot read IP mode file for STMicroelectronics.X-CUBE-BLE2.3.3.0
2024-01-11 15:21:59,466 [WARN] PackLoader:240 - Cannot read IP mode file for STMicroelectronics.X-CUBE-DISPLAY.2.2.0
2024-01-11 15:21:59,488 [WARN] PackLoader:240 - Cannot read IP mode file for STMicroelectronics.X-CUBE-TOF1.3.2.0
2024-01-11 15:21:59,503 [WARN] PackLoader:240 - Cannot read IP mode file for STMicroelectronics.X-CUBE-ISPU.1.0.0
2024-01-11 15:21:59,611 [WARN] PackLoader:240 - Cannot read IP mode file for STMicroelectronics.X-CUBE-AZRTOS-H7.2.1.0
2024-01-11 15:21:59,624 [WARN] PackLoader:240 - Cannot read IP mode file for STMicroelectronics.X-CUBE-TOUCHGFX.4.21.1
2024-01-11 15:21:59,632 [WARN] PackLoader:240 - Cannot read IP mode file for STMicroelectronics.X-CUBE-TOUCHGFX.4.21.0
2024-01-11 15:21:59,639 [WARN] PackLoader:240 - Cannot read IP mode file for STMicroelectronics.X-CUBE-TOUCHGFX.4.21.3
2024-01-11 15:21:59,682 [WARN] PackLoader:240 - Cannot read IP mode file for STMicroelectronics.X-CUBE-MEMS1.9.4.0
2024-01-11 15:21:59,803 [WARN] PackLoader:240 - Cannot read IP mode file for STMicroelectronics.X-CUBE-AI.7.3.0
2024-01-11 15:21:59,816 [WARN] PackLoader:240 - Cannot read IP mode file for STMicroelectronics.X-CUBE-ALGOBUILD.1.3.0
2024-01-11 15:21:59,847 [WARN] PackLoader:240 - Cannot read IP mode file for STMicroelectronics.X-CUBE-AZRTOS-G0.1.1.0
2024-01-11 15:21:59,863 [WARN] PackLoader:240 - Cannot read IP mode file for STMicroelectronics.X-CUBE-NFC4.3.0.0
2024-01-11 15:21:59,916 [WARN] PackLoader:240 - Cannot read IP mode file for SEGGER.I-CUBE-embOS.1.2.0
2024-01-11 15:21:59,996 [WARN] PackLoader:240 - Cannot read IP mode file for STMicroelectronics.X-CUBE-BLEMGR.3.0.0
2024-01-11 15:22:00,019 [WARN] PackLoader:240 - Cannot read IP mode file for STMicroelectronics.X-CUBE-BLEMGR.1.3.0
2024-01-11 15:22:00,027 [WARN] PackLoader:240 - Cannot read IP mode file for STMicroelectronics.FP-ATR-SIGFOX1.3.2.0
2024-01-11 15:22:00,041 [WARN] PackLoader:240 - Cannot read IP mode file for emotas.I-CUBE-CANOPEN.1.1.2
2024-01-11 15:22:00,050 [WARN] PackLoader:240 - Cannot read IP mode file for STMicroelectronics.X-CUBE-TOUCHGFX.4.20.0
2024-01-11 15:22:00,100 [WARN] PackLoader:240 - Cannot read IP mode file for STMicroelectronics.X-CUBE-MEMS1.9.5.0
2024-01-11 15:22:00,257 [WARN] PackLoader:240 - Cannot read IP mode file for SEGGER.I-CUBE-embOS.1.3.1
2024-01-11 15:22:00,344 [WARN] PackLoader:240 - Cannot read IP mode file for STMicroelectronics.X-CUBE-GNSS1.6.0.0
2024-01-11 15:22:00,404 [WARN] PackLoader:240 - Cannot read IP mode file for STMicroelectronics.X-CUBE-AZRTOS-F4.1.1.0
2024-01-11 15:22:00,425 [WARN] PackLoader:240 - Cannot read IP mode file for STMicroelectronics.X-CUBE-BLEMGR.1.2.0
2024-01-11 15:22:00,480 [WARN] PackLoader:240 - Cannot read IP mode file for STMicroelectronics.X-CUBE-AZRTOS-L5.2.0.0
2024-01-11 15:22:00,537 [WARN] PackLoader:240 - Cannot read IP mode file for STMicroelectronics.X-CUBE-MEMS1.9.6.0
2024-01-11 15:22:00,660 [WARN] PackLoader:240 - Cannot read IP mode file for STMicroelectronics.X-CUBE-EEPRMA1.4.2.0
2024-01-11 15:22:00,671 [WARN] PackLoader:240 - Cannot read IP mode file for ITTIA_DB.I-CUBE-ITTIADB.8.8.0
2024-01-11 15:22:00,682 [WARN] PackLoader:240 - Cannot read IP mode file for STMicroelectronics.X-CUBE-BLEMGR.2.0.0
2024-01-11 15:22:00,691 [WARN] PackLoader:240 - Cannot read IP mode file for STMicroelectronics.X-CUBE-NFC4.2.0.5
2024-01-11 15:22:00,702 [WARN] PackLoader:240 - Cannot read IP mode file for STMicroelectronics.X-CUBE-NFC4.2.0.4
2024-01-11 15:22:00,727 [WARN] ConditionMgr:438 - getConditionDescription Invalid condition id : UX DEVICE CLASS RTOS Condition cause : null
2024-01-11 15:22:00,727 [WARN] ConditionMgr:438 - getConditionDescription Invalid condition id : UX DEVICE CLASS RTOS Condition cause : null
2024-01-11 15:22:00,729 [WARN] PackLoader:240 - Cannot read IP mode file for STMicroelectronics.X-CUBE-AZRTOS-H7.3.1.0
2024-01-11 15:22:00,730 [WARN] ConditionMgr:1039 - genDependencies : Invalid condition id : UX DEVICE CLASS RTOS Condition cause : null
2024-01-11 15:22:00,730 [WARN] ConditionMgr:1039 - genDependencies : Invalid condition id : UX DEVICE CLASS RTOS Condition cause : null
2024-01-11 15:22:00,730 [WARN] ConditionMgr:1039 - genDependencies : Invalid condition id : UX DEVICE CLASS RTOS Condition cause : null
2024-01-11 15:22:00,731 [WARN] ConditionMgr:1039 - genDependencies : Invalid condition id : UX DEVICE CLASS RTOS Condition cause : null
2024-01-11 15:22:00,731 [WARN] ConditionMgr:1039 - genDependencies : Invalid condition id : UX DEVICE CLASS RTOS Condition cause : null
2024-01-11 15:22:00,741 [WARN] PackLoader:240 - Cannot read IP mode file for wolfSSL.I-CUBE-wolfSSL.5.5.0
2024-01-11 15:22:00,750 [WARN] PackLoader:240 - Cannot read IP mode file for STMicroelectronics.X-CUBE-NFC7.1.0.1
2024-01-11 15:22:00,760 [WARN] PackLoader:240 - Cannot read IP mode file for STMicroelectronics.X-CUBE-NFC7.1.0.0
2024-01-11 15:22:00,772 [WARN] PackLoader:240 - Cannot read IP mode file for STMicroelectronics.X-CUBE-NFC6.3.0.0
2024-01-11 15:22:00,783 [WARN] PackLoader:240 - Cannot read IP mode file for STMicroelectronics.X-CUBE-EEPRMA1.4.1.0
2024-01-11 15:22:00,793 [WARN] PackLoader:240 - Cannot read IP mode file for STMicroelectronics.X-CUBE-AI.8.1.0
2024-01-11 15:22:00,816 [WARN] ConditionMgr:438 - getConditionDescription Invalid condition id : LAN8742 Phy interface Condition cause : null
2024-01-11 15:22:00,816 [WARN] PackLoader:240 - Cannot read IP mode file for STMicroelectronics.X-CUBE-AZRTOS-L4.2.0.0
2024-01-11 15:22:00,817 [WARN] ConditionMgr:1039 - genDependencies : Invalid condition id : LAN8742 Phy interface Condition cause : null
2024-01-11 15:22:00,817 [WARN] ConditionMgr:1039 - genDependencies : Invalid condition id : LAN8742 Phy interface Condition cause : null
2024-01-11 15:22:00,818 [WARN] ConditionMgr:1039 - genDependencies : Invalid condition id : LAN8742 Phy interface Condition cause : null
2024-01-11 15:22:00,827 [WARN] PackLoader:240 - Cannot read IP mode file for STMicroelectronics.X-CUBE-SFXS2LP1.4.0.0
2024-01-11 15:22:00,849 [WARN] PackLoader:240 - Cannot read IP mode file for STMicroelectronics.X-CUBE-AZRTOS-H7.3.0.0
2024-01-11 15:22:00,861 [WARN] PackLoader:240 - Cannot read IP mode file for STMicroelectronics.X-CUBE-ISPU.1.1.0
2024-01-11 15:22:00,873 [WARN] PackLoader:240 - Cannot read IP mode file for RoweBots.I-CUBE-UNISONRTOS.5.5.0-4
2024-01-11 15:22:00,886 [WARN] PackLoader:240 - Cannot read IP mode file for STMicroelectronics.X-CUBE-AI.8.0.0
2024-01-11 15:22:00,907 [WARN] ConditionMgr:438 - getConditionDescription Invalid condition id : UX DEVICE CLASS RTOS Condition cause : null
2024-01-11 15:22:00,907 [WARN] ConditionMgr:438 - getConditionDescription Invalid condition id : UX DEVICE CLASS RTOS Condition cause : null
2024-01-11 15:22:00,909 [WARN] PackLoader:240 - Cannot read IP mode file for STMicroelectronics.X-CUBE-AZRTOS-WB.2.0.0
2024-01-11 15:22:00,910 [WARN] ConditionMgr:1039 - genDependencies : Invalid condition id : UX DEVICE CLASS RTOS Condition cause : null
2024-01-11 15:22:00,910 [WARN] ConditionMgr:1039 - genDependencies : Invalid condition id : UX DEVICE CLASS RTOS Condition cause : null
2024-01-11 15:22:00,910 [WARN] ConditionMgr:1039 - genDependencies : Invalid condition id : UX DEVICE CLASS RTOS Condition cause : null
2024-01-11 15:22:00,910 [WARN] ConditionMgr:1039 - genDependencies : Invalid condition id : UX DEVICE CLASS RTOS Condition cause : null
2024-01-11 15:22:00,910 [WARN] ConditionMgr:1039 - genDependencies : Invalid condition id : UX DEVICE CLASS RTOS Condition cause : null
2024-01-11 15:22:00,921 [WARN] PackLoader:240 - Cannot read IP mode file for STMicroelectronics.X-CUBE-FREERTOS.1.0.0
2024-01-11 15:22:00,931 [WARN] PackLoader:240 - Cannot read IP mode file for STMicroelectronics.X-CUBE-FREERTOS.1.0.1
2024-01-11 15:22:00,945 [WARN] PackLoader:240 - Cannot read IP mode file for STMicroelectronics.X-CUBE-BLEMGR.1.0.0
2024-01-11 15:22:00,980 [WARN] PackLoader:240 - Cannot read IP mode file for STMicroelectronics.X-CUBE-AZRTOS-L5.1.1.0
2024-01-11 15:22:00,997 [WARN] PackLoader:240 - Cannot read IP mode file for STMicroelectronics.X-CUBE-SUBG2.5.0.0
2024-01-11 15:22:01,013 [WARN] PackLoader:240 - Cannot read IP mode file for STMicroelectronics.X-CUBE-TOF1.3.3.1
2024-01-11 15:22:01,033 [WARN] PackLoader:240 - Cannot read IP mode file for STMicroelectronics.X-CUBE-AZRTOS-G4.2.0.0
2024-01-11 15:22:01,048 [WARN] PackLoader:240 - Cannot read IP mode file for STMicroelectronics.X-CUBE-TOF1.3.3.0
2024-01-11 15:22:01,059 [WARN] PackLoader:240 - Cannot read IP mode file for STMicroelectronics.FP-ATR-ASTRA1.1.1.1
2024-01-11 15:22:01,076 [WARN] PackLoader:240 - Cannot read IP mode file for Infineon.AIROC-Wi-Fi-Bluetooth-STM32.1.5.1
2024-01-11 15:22:01,088 [WARN] PackLoader:240 - Cannot read IP mode file for STMicroelectronics.FP-SNS-MOTENVWB1.1.3.0
2024-01-11 15:22:01,091 [WARN] PackLoader:240 - Cannot read IP mode file for STMicroelectronics.FP-SNS-MOTENVWB1.1.3.1
2024-01-11 15:22:01,108 [WARN] PackLoader:240 - Cannot read IP mode file for STMicroelectronics.X-CUBE-AZRTOS-G4.1.0.0
2024-01-11 15:22:01,126 [WARN] PackLoader:240 - Cannot read IP mode file for STMicroelectronics.X-CUBE-AZRTOS-L4.1.0.0
2024-01-11 15:22:01,136 [WARN] PackLoader:240 - Cannot read IP mode file for STMicroelectronics.X-CUBE-ISPU.2.0.0
2024-01-11 15:22:01,172 [WARN] PackLoader:240 - Cannot read IP mode file for STMicroelectronics.X-CUBE-MEMS1.10.0.0
2024-01-11 15:22:01,247 [WARN] PackLoader:240 - Cannot read IP mode file for STMicroelectronics.X-CUBE-FREERTOS.1.1.0
2024-01-11 15:22:01,264 [WARN] PackLoader:240 - Cannot read IP mode file for STMicroelectronics.X-CUBE-AZRTOS-WL.1.0.0
2024-01-11 15:22:01,279 [WARN] PackLoader:240 - Cannot read IP mode file for portGmbH.I-Cube-SoM-uGOAL.1.1.0
2024-01-11 15:22:01,289 [WARN] PackLoader:240 - Cannot read IP mode file for STMicroelectronics.X-CUBE-ALS.1.0.1
2024-01-11 15:22:01,307 [WARN] PackLoader:240 - Cannot read IP mode file for STMicroelectronics.X-CUBE-AZRTOS-WB.1.1.0
2024-01-11 15:22:01,326 [WARN] PackLoader:240 - Cannot read IP mode file for STMicroelectronics.X-CUBE-AZRTOS-L5.1.0.0
2024-01-11 15:22:01,338 [WARN] PackLoader:240 - Cannot read IP mode file for STMicroelectronics.X-CUBE-EEPRMA1.3.1.1
2024-01-11 15:22:01,340 [WARN] PackLoader:240 - Cannot read IP mode file for STMicroelectronics.FP-ATR-ASTRA1.2.0.0
2024-01-11 15:22:01,353 [WARN] PackLoader:240 - Cannot read IP mode file for STMicroelectronics.X-CUBE-TOF1.3.4.0
2024-01-11 15:22:01,378 [WARN] PackLoader:240 - Cannot read IP mode file for STMicroelectronics.X-CUBE-AZRTOS-H7.3.2.0
2024-01-11 15:22:01,381 [INFO] ThirdParty:978 - Integrity check success = true
2024-01-11 15:22:01,381 [INFO] IntegrityCheckThread:100 - exiting critical section [integrity check]
2024-01-11 15:22:01,381 [INFO] IntegrityCheckThread:103 - End integrity checks thread
2024-01-11 15:22:01,381 [INFO] ThirdParty:873 - entering critical section [close project]
2024-01-11 15:22:01,383 [INFO] ThirdParty:883 - exiting critical section [close project]
2024-01-11 15:22:01,385 [INFO] PinOutPanel:1499 - setPackage(No Configuration,No Configuration)
2024-01-11 15:22:01,390 [INFO] UtilMem:75 - Begin LoadConfig() Used Memory: 686469840 Bytes (864026624)
2024-01-11 15:22:01,391 [INFO] MicroXplorer:468 - Change Database Path : 
2024-01-11 15:22:01,391 [INFO] MicroXplorer:498 - Change Database Version : DB.6.0.80
2024-01-11 15:22:01,391 [INFO] OpenFileManager:308 - Change cursor
2024-01-11 15:22:01,432 [INFO] Mcu:1937 - Initializing MCU STM32F103C6Ux STM32F103C6Ux STM32F103C6U6A
2024-01-11 15:22:02,161 [INFO] Context:659 - Trying to add GPIOservice into a context  which must be forbidden
2024-01-11 15:22:02,547 [INFO] RtosManager:555 - Registered RTOS mode: class=CMSIS, group=RTOS, mode=CMSIS_V1, owner=FREERTOS
2024-01-11 15:22:02,547 [INFO] RtosManager:555 - Registered RTOS mode: class=CMSIS, group=RTOS2, mode=CMSIS_V2, owner=FREERTOS
2024-01-11 15:22:02,547 [INFO] RtosManager:555 - Registered RTOS mode: class=RTOS, group=Core, mode=CMSIS_V1, owner=FREERTOS
2024-01-11 15:22:02,547 [INFO] RtosManager:555 - Registered RTOS mode: class=RTOS, group=Core, mode=CMSIS_V2, owner=FREERTOS
2024-01-11 15:22:02,547 [WARN] ModelIntegratedComponent:184 - Missing modes for component STMicroelectronics:FreeRTOS:0.0.1:STMicroelectronics:RTOS:FreeRTOS:Core:::10.2.0:
2024-01-11 15:22:02,567 [WARN] ModelIntegratedComponent:63 - No mode defined for component null
2024-01-11 15:22:02,567 [WARN] ModelIntegratedComponent:63 - No mode defined for component null
2024-01-11 15:22:02,567 [WARN] ModelIntegratedComponent:63 - No mode defined for component null
2024-01-11 15:22:02,569 [WARN] ModelIntegratedComponent:63 - No mode defined for component null
2024-01-11 15:22:02,569 [WARN] ModelIntegratedComponent:63 - No mode defined for component null
2024-01-11 15:22:02,569 [WARN] ModelIntegratedComponent:63 - No mode defined for component null
2024-01-11 15:22:02,569 [WARN] ModelIntegratedComponent:63 - No mode defined for component null
2024-01-11 15:22:02,569 [WARN] ModelIntegratedComponent:63 - No mode defined for component null
2024-01-11 15:22:02,569 [WARN] ModelIntegratedComponent:63 - No mode defined for component null
2024-01-11 15:22:02,569 [WARN] ModelIntegratedComponent:63 - No mode defined for component null
2024-01-11 15:22:02,569 [WARN] ModelIntegratedComponent:63 - No mode defined for component null
2024-01-11 15:22:02,569 [WARN] ModelIntegratedComponent:63 - No mode defined for component null
2024-01-11 15:22:02,569 [WARN] ModelIntegratedComponent:63 - No mode defined for component null
2024-01-11 15:22:02,569 [WARN] ModelIntegratedComponent:63 - No mode defined for component null
2024-01-11 15:22:02,569 [WARN] ModelIntegratedComponent:63 - No mode defined for component null
2024-01-11 15:22:02,569 [WARN] ModelIntegratedComponent:63 - No mode defined for component null
2024-01-11 15:22:02,569 [WARN] ModelIntegratedComponent:63 - No mode defined for component null
2024-01-11 15:22:02,569 [WARN] ModelIntegratedComponent:63 - No mode defined for component null
2024-01-11 15:22:02,569 [WARN] ModelIntegratedComponent:63 - No mode defined for component null
2024-01-11 15:22:02,569 [WARN] ModelIntegratedComponent:63 - No mode defined for component null
2024-01-11 15:22:02,569 [WARN] ModelIntegratedComponent:63 - No mode defined for component null
2024-01-11 15:22:02,569 [WARN] ModelIntegratedComponent:63 - No mode defined for component null
2024-01-11 15:22:02,569 [WARN] ModelIntegratedComponent:63 - No mode defined for component null
2024-01-11 15:22:02,569 [WARN] ModelIntegratedComponent:63 - No mode defined for component null
2024-01-11 15:22:02,569 [WARN] ModelIntegratedComponent:63 - No mode defined for component null
2024-01-11 15:22:02,569 [WARN] ModelIntegratedComponent:63 - No mode defined for component null
2024-01-11 15:22:02,569 [WARN] ModelIntegratedComponent:63 - No mode defined for component null
2024-01-11 15:22:02,569 [WARN] ModelIntegratedComponent:63 - No mode defined for component null
2024-01-11 15:22:02,569 [WARN] ModelIntegratedComponent:63 - No mode defined for component null
2024-01-11 15:22:02,569 [WARN] ModelIntegratedComponent:63 - No mode defined for component null
2024-01-11 15:22:02,569 [WARN] ModelIntegratedComponent:63 - No mode defined for component null
2024-01-11 15:22:02,569 [WARN] ModelIntegratedComponent:63 - No mode defined for component null
2024-01-11 15:22:02,569 [WARN] ModelIntegratedComponent:63 - No mode defined for component null
2024-01-11 15:22:02,776 [INFO] ThirdPartyModel:298 - Start build external matchings
2024-01-11 15:22:03,963 [INFO] ThirdPartyModel:316 - End build external matchings
2024-01-11 15:22:04,153 [INFO] UtilMem:75 - End LoadConfig() Used Memory: 683394344 Bytes (864026624)
2024-01-11 15:22:04,269 [INFO] ApiDb:581 - Connected to CubeFinder SQLite database (C:\Users\Huy\.stmcufinder\plugins\mcufinder\mcu\cube-finder-db.db)
2024-01-11 15:22:04,335 [INFO] ApiDb:668 - CubeFinder database Data Model version=2.1
2024-01-11 15:22:04,335 [INFO] ApiDb:669 - CubeFinder database Configuration version=3.0.39
2024-01-11 15:22:04,335 [INFO] ApiDb:670 - CubeFinder database generation date=2023-11-06 (1699269565)
2024-01-11 15:22:04,335 [INFO] ApiDb:671 - CubeFinder database FW Pack versions=[FP-ATR-ASTRA1_V2.0.0, FP-SNS-FLIGHT1_V5.0.1, FP-SNS-FLIGHT1_V5.0.2, FP-SNS-MOTENV1_V4.3.1, FP-SNS-MOTENV1_V4.3.2, FP-SNS-MOTENVWB1_V1.3.0, FP-SNS-SMARTAG2_V1.2.0, STM32Cube_FW_C0_V1.1.0, STM32Cube_FW_F4_V1.28.0, STM32Cube_FW_F7_V1.17.0, STM32Cube_FW_G0_V1.6.1, STM32Cube_FW_G4_V1.5.1, STM32Cube_FW_H5_V0.5.1, STM32Cube_FW_H5_V1.1.1, STM32Cube_FW_H5_V1.2.0RC2, STM32Cube_FW_H7_V1.11.0, STM32Cube_FW_L0_V1.12.2, STM32Cube_FW_L5_V1.5.0, STM32Cube_FW_U5_V1.3.0RC4, STM32Cube_FW_U5_V1.4.0, STM32Cube_FW_WBA_V1.0.0RC1, STM32Cube_FW_WBA_V1.1.0RC1, STM32Cube_FW_WBA_V1.2.0, STM32Cube_FW_WBA_V1.2.0RC2, STM32Cube_FW_WB_V1.15.0RC1, STM32Cube_FW_WB_V1.16.0, STM32Cube_FW_WB_V1.16.0RC2, STM32Cube_FW_WB_V1.18.0, STM32Cube_FW_WL_V1.3.0, X-CUBE-ALGOBUILD_V1.3.0, X-CUBE-ALS_V1.0.1, X-CUBE-AZRTOS-F4_V1.1.0, X-CUBE-AZRTOS-F7_V1.1.0, X-CUBE-AZRTOS-G0_V1.1.0, X-CUBE-AZRTOS-G4_V2.0.0, X-CUBE-AZRTOS-H7_V3.1.0, X-CUBE-AZRTOS-L4_V1.0.0, X-CUBE-AZRTOS-L4_V2.0.0, X-CUBE-AZRTOS-L5_V1.1.0, X-CUBE-AZRTOS-WB_V2.0.0, X-CUBE-AZRTOS-WL_V2.0.0, X-CUBE-BLE1_V7.0.0, X-CUBE-BLE2_V3.3.0, X-CUBE-BLEMGR_V2.0.0, X-CUBE-EEPRMA1_V4.1.0, X-CUBE-EEPRMA1_V4.2.0, X-CUBE-FREERTOS_V1.1.0, X-CUBE-GNSS1_V6.0.0, X-CUBE-MEMS1_V10.0.0, X-CUBE-MEMS1_V9.1.0, X-CUBE-MEMS1_V9.4.0, X-CUBE-MEMS1_V9.6.0, X-CUBE-NFC4_V3.0.0, X-CUBE-NFC7_V1.0.1, X-CUBE-SFXS2LP1_V4.0.0, X-CUBE-SUBG2_V5.0.0, X-CUBE-TOF1_V3.3.1]
2024-01-11 15:22:06,237 [INFO] ApiDb:240 - Found 297 in-development CPN: [B-G473E-ZEST1S, B-WB1M-WPAN1, B-WL5M-SUBG1, NUCLEO-C031C6, NUCLEO-H503RB, NUCLEO-H563ZI, NUCLEO-U545RE-Q, NUCLEO-U5A5ZJ-Q, NUCLEO-WBA52CG, STEVAL-PROTEUS1, STEVAL-STWINBX1, STM320518-EVAL, STM32C0116-DK, STM32C011D6Y3TR, STM32C011D6Y6TR, STM32C011F4P3, STM32C011F4P6, STM32C011F4U3, STM32C011F4U6TR, STM32C011F6P3, STM32C011F6P6, STM32C011F6U3, STM32C011F6U6TR, STM32C011J4M3, STM32C011J4M6, STM32C011J6M3, STM32C011J6M6, STM32C0316-DK, STM32C031C4T3, STM32C031C4T6, STM32C031C4U3, STM32C031C4U6, STM32C031C6T3, STM32C031C6T6, STM32C031C6U3, STM32C031C6U6, STM32C031F4P3, STM32C031F4P6, STM32C031F6P3, STM32C031F6P6, STM32C031G4U3, STM32C031G4U6, STM32C031G6U3, STM32C031G6U6, STM32C031K4T3, STM32C031K4T6, STM32C031K4U3, STM32C031K4U6, STM32C031K6T3, STM32C031K6T6, STM32C031K6U3, STM32C031K6U6, STM32G071K8TXN, STM32G071K8UXN, STM32G081GBU6N, STM32G081KBT6N, STM32G081KBUXN, STM32G0B1CCT6N, STM32G0B1KCT6, STM32G0B1NEY6TR, STM32G0B1RCT6N, STM32G0C1CCT6, STM32G0C1CCT6N, STM32G0C1CCU6N, STM32G0C1CET6N, STM32G0C1CEU6N, STM32G0C1KCT6, STM32G0C1NEY6TR, STM32G0C1RCI6N, STM32G0C1RCT6N, STM32G0C1REI6N, STM32G0C1RET6N, STM32G0C1VCI6, STM32G0C1VEI6, STM32G471CCT6, STM32G471CCU6, STM32G471CET3, STM32G471CET6, STM32G471CEU3, STM32G471CEU6, STM32G471MCT6, STM32G471MET3, STM32G471MET6, STM32G471MEY6TR, STM32G471QCT6, STM32G471QET3, STM32G471RCT6, STM32G471RET3, STM32G471RET6, STM32G471VCH6, STM32G471VCI6, STM32G471VCT6, STM32G471VEH3, STM32G471VEH6, STM32G471VEI3, STM32G471VEI6, STM32G471VET3, STM32G471VET6, STM32G474CCT6, STM32H503CBT6, STM32H503CBU6, STM32H503EBY6TR, STM32H503KBU6, STM32H503RBT6, STM32H562AGI6, STM32H562AII6, STM32H562IGK6, STM32H562IGT6, STM32H562IIK6, STM32H562IIT6, STM32H562RGT6, STM32H562RGV6, STM32H562RIT6, STM32H562RIV6, STM32H562VGT6, STM32H562VIT6, STM32H562ZGT6, STM32H562ZIT6, STM32H563AGI6, STM32H563AII3Q, STM32H563AII6, STM32H563IGK6, STM32H563IGT6, STM32H563IIK3Q, STM32H563IIK6, STM32H563IIT3Q, STM32H563IIT6, STM32H563MIY3QTR, STM32H563RGT6, STM32H563RGV6, STM32H563RIT6, STM32H563RIV6, STM32H563VGT6, STM32H563VIT3Q, STM32H563VIT6, STM32H563ZGT6, STM32H563ZIT3Q, STM32H563ZIT6, STM32H573AII3Q, STM32H573AII6, STM32H573I-DK, STM32H573IIK3Q, STM32H573IIK6, STM32H573IIT3Q, STM32H573IIT6, STM32H573MIY3QTR, STM32H573RIT6, STM32H573RIV6, STM32H573VIT3Q, STM32H573VIT6, STM32H573ZIT3Q, STM32H573ZIT6, STM32L4R5QGI6STR, STM32MP131AAE3, STM32MP131AAF3, STM32MP131AAG3, STM32MP131CAE3, STM32MP131CAF3, STM32MP131CAG3, STM32MP131DAE7, STM32MP131DAF7, STM32MP131DAG7, STM32MP131FAE7, STM32MP131FAF7, STM32MP131FAG7, STM32MP133AAE3, STM32MP133AAF3, STM32MP133AAG3, STM32MP133CAE3, STM32MP133CAF3, STM32MP133CAG3, STM32MP133DAE7, STM32MP133DAF7, STM32MP133DAG7, STM32MP133FAE7, STM32MP133FAF7, STM32MP133FAG7, STM32MP135AAE3, STM32MP135AAF3, STM32MP135AAG3, STM32MP135CAE3, STM32MP135CAF3, STM32MP135CAG3, STM32MP135DAE7, STM32MP135DAF7, STM32MP135DAG7, STM32MP135F-DK, STM32MP135FAE7, STM32MP135FAF7, STM32MP135FAF7T, STM32MP135FAF7U, STM32MP135FAG7, STM32U535CBT6, STM32U535CBT6Q, STM32U535CBU6, STM32U535CBU6Q, STM32U535CCT6, STM32U535CCT6Q, STM32U535CCU6, STM32U535CCU6Q, STM32U535CET6, STM32U535CET6Q, STM32U535CEU6, STM32U535CEU6Q, STM32U535JEY6QTR, STM32U535NCY6QTR, STM32U535NEY6QTR, STM32U535RBI6, STM32U535RBI6Q, STM32U535RBT6, STM32U535RBT6Q, STM32U535RCI6, STM32U535RCI6Q, STM32U535RCT6, STM32U535RCT6Q, STM32U535REI6, STM32U535REI6Q, STM32U535RET6, STM32U535RET6Q, STM32U535VCI6, STM32U535VCI6Q, STM32U535VCT6, STM32U535VCT6Q, STM32U535VEI6, STM32U535VEI6Q, STM32U535VET6, STM32U535VET6Q, STM32U545CET6, STM32U545CET6Q, STM32U545CEU6, STM32U545CEU6Q, STM32U545JEY6QTR, STM32U545NEY6QTR, STM32U545REI6, STM32U545REI6Q, STM32U545RET6, STM32U545RET6Q, STM32U545VEI6, STM32U545VEI6Q, STM32U545VET6, STM32U545VET6Q, STM32U595AIH6, STM32U595AIH6Q, STM32U595AJH6, STM32U595AJH6Q, STM32U595QII6, STM32U595QII6Q, STM32U595QJI6, STM32U595QJI6Q, STM32U595RIT6, STM32U595RIT6Q, STM32U595RJT6, STM32U595RJT6Q, STM32U595VIT6, STM32U595VIT6Q, STM32U595VJT6, STM32U595VJT6Q, STM32U595ZIT6, STM32U595ZIT6Q, STM32U595ZIY6QTR, STM32U595ZJT6, STM32U595ZJT6Q, STM32U595ZJY6QTR, STM32U599BJY6QTR, STM32U599NIH6Q, STM32U599NJH6Q, STM32U599VIT6Q, STM32U599VJT6, STM32U599VJT6Q, STM32U599ZIT6Q, STM32U599ZIY6QTR, STM32U599ZJT6Q, STM32U599ZJY6QTR, STM32U5A5AJH6, STM32U5A5AJH6Q, STM32U5A5QJI6, STM32U5A5QJI6Q, STM32U5A5RJT6, STM32U5A5RJT6Q, STM32U5A5VJT6, STM32U5A5VJT6Q, STM32U5A5ZJT6, STM32U5A5ZJT6Q, STM32U5A5ZJY6QTR, STM32U5A9BJY6QTR, STM32U5A9J-DK, STM32U5A9NJH6Q, STM32U5A9VJT6Q, STM32U5A9ZJT6Q, STM32U5A9ZJY6QTR, STM32WB1MMCH6, STM32WBA52CEU6, STM32WBA52CEU6T, STM32WBA52CGU6, STM32WBA52CGU6T, STM32WL5MOCH6, STM32WL5MOCH6TR]
2024-01-11 15:22:06,241 [INFO] DbMcus:216 - Found 3861 MCUs, 3861 are supported
2024-01-11 15:22:06,243 [INFO] ApiDb:423 - Load user favorites file C:\Users\Huy/.stm32cubeide/favorites.mcus.txt: 0 item(s)
2024-01-11 15:22:06,243 [INFO] ApiDb:427 - User favorites MCUs=[]
2024-01-11 15:22:06,245 [INFO] DbMcus:222 - Set 0 / 0 favorites MCUs
2024-01-11 15:22:06,634 [WARN] ThirdParty:833 - waiting for thirdparty lock release [change project]
2024-01-11 15:22:06,635 [INFO] ThirdParty:835 - entering critical section [change project]
2024-01-11 15:22:06,635 [INFO] ThirdParty:1030 - CMSIS Pack Vendor :STMicroelectronics X-CUBE-GNSS1 6.0.0
2024-01-11 15:22:06,635 [INFO] ThirdParty:1030 - CMSIS Pack Vendor :STMicroelectronics USB_HOST 2.0.0
2024-01-11 15:22:06,635 [INFO] ThirdParty:1030 - CMSIS Pack Vendor :STMicroelectronics X-CUBE-AZRTOS-F4 1.1.0
2024-01-11 15:22:06,635 [INFO] ThirdParty:1030 - CMSIS Pack Vendor :STMicroelectronics LIBJPEG 8.0.0
2024-01-11 15:22:06,635 [INFO] ThirdParty:1030 - CMSIS Pack Vendor :STMicroelectronics X-CUBE-SMBUS 2.1.0
2024-01-11 15:22:06,635 [INFO] ThirdParty:1030 - CMSIS Pack Vendor :STMicroelectronics X-CUBE-TOUCHGFX 4.23.0
2024-01-11 15:22:06,635 [INFO] ThirdParty:1030 - CMSIS Pack Vendor :STMicroelectronics X-CUBE-BLEMGR 1.2.0
2024-01-11 15:22:06,635 [INFO] ThirdParty:1030 - CMSIS Pack Vendor :STMicroelectronics X-CUBE-AZRTOS-F7 1.1.0
2024-01-11 15:22:06,635 [INFO] ThirdParty:1030 - CMSIS Pack Vendor :STMicroelectronics X-CUBE-AZRTOS-L5 2.0.0
2024-01-11 15:22:06,635 [INFO] ThirdParty:1030 - CMSIS Pack Vendor :STMicroelectronics USB_DEVICE 2.0.0
2024-01-11 15:22:06,635 [INFO] ThirdParty:1030 - CMSIS Pack Vendor :STMicroelectronics X-CUBE-MEMS1 9.6.0
2024-01-11 15:22:06,635 [INFO] ThirdParty:1030 - CMSIS Pack Vendor :STMicroelectronics X-CUBE-EEPRMA1 4.2.0
2024-01-11 15:22:06,635 [INFO] ThirdParty:1030 - CMSIS Pack Vendor :ITTIA_DB I-CUBE-ITTIADB 8.8.0
2024-01-11 15:22:06,635 [INFO] ThirdParty:1030 - CMSIS Pack Vendor :STMicroelectronics FP-SNS-MOTENV1 4.3.2
2024-01-11 15:22:06,635 [INFO] ThirdParty:1030 - CMSIS Pack Vendor :STMicroelectronics X-CUBE-BLE1 6.2.3
2024-01-11 15:22:06,635 [INFO] ThirdParty:1030 - CMSIS Pack Vendor :STMicroelectronics X-CUBE-BLE1 6.2.4
2024-01-11 15:22:06,635 [INFO] ThirdParty:1030 - CMSIS Pack Vendor :STMicroelectronics FreeRTOS 0.0.1
2024-01-11 15:22:06,635 [INFO] ThirdParty:1030 - CMSIS Pack Vendor :STMicroelectronics X-CUBE-BLEMGR 2.0.0
2024-01-11 15:22:06,636 [INFO] ThirdParty:1030 - CMSIS Pack Vendor :STMicroelectronics FP-SNS-FLIGHT1 5.0.2
2024-01-11 15:22:06,636 [INFO] ThirdParty:1030 - CMSIS Pack Vendor :STMicroelectronics X-CUBE-NFC4 2.0.5
2024-01-11 15:22:06,636 [INFO] ThirdParty:1030 - CMSIS Pack Vendor :STMicroelectronics X-CUBE-NFC4 2.0.4
2024-01-11 15:22:06,636 [INFO] ThirdParty:1030 - CMSIS Pack Vendor :STMicroelectronics X-CUBE-AZRTOS-H7 3.1.0
2024-01-11 15:22:06,636 [INFO] ThirdParty:1030 - CMSIS Pack Vendor :STMicroelectronics PDM2PCM 3.3.0
2024-01-11 15:22:06,636 [INFO] ThirdParty:1030 - CMSIS Pack Vendor :STMicroelectronics X-CUBE-TOF1 3.1.0
2024-01-11 15:22:06,636 [INFO] ThirdParty:1030 - CMSIS Pack Vendor :STMicroelectronics X-CUBE-DISPLAY 3.0.0
2024-01-11 15:22:06,636 [INFO] ThirdParty:1030 - CMSIS Pack Vendor :STMicroelectronics X-CUBE-BLE1 7.0.0
2024-01-11 15:22:06,636 [INFO] ThirdParty:1030 - CMSIS Pack Vendor :wolfSSL I-CUBE-wolfSSL 5.5.0
2024-01-11 15:22:06,636 [INFO] ThirdParty:1030 - CMSIS Pack Vendor :STMicroelectronics HAL Drivers 0.0.0
2024-01-11 15:22:06,636 [INFO] ThirdParty:1030 - CMSIS Pack Vendor :STMicroelectronics X-CUBE-TOUCHGFX 4.22.0
2024-01-11 15:22:06,636 [INFO] ThirdParty:1030 - CMSIS Pack Vendor :STMicroelectronics X-CUBE-NFC7 1.0.1
2024-01-11 15:22:06,636 [INFO] ThirdParty:1030 - CMSIS Pack Vendor :STMicroelectronics MBEDTLS 2.14.1
2024-01-11 15:22:06,637 [INFO] ThirdParty:1030 - CMSIS Pack Vendor :STMicroelectronics X-CUBE-NFC7 1.0.0
2024-01-11 15:22:06,637 [INFO] ThirdParty:1030 - CMSIS Pack Vendor :STMicroelectronics X-CUBE-TOUCHGFX 4.22.1
2024-01-11 15:22:06,637 [INFO] ThirdParty:1030 - CMSIS Pack Vendor :STMicroelectronics X-CUBE-NFC6 3.0.0
2024-01-11 15:22:06,637 [INFO] ThirdParty:1030 - CMSIS Pack Vendor :STMicroelectronics X-CUBE-MEMS1 9.3.0
2024-01-11 15:22:06,637 [INFO] ThirdParty:1030 - CMSIS Pack Vendor :STMicroelectronics X-CUBE-EEPRMA1 4.1.0
2024-01-11 15:22:06,637 [INFO] ThirdParty:1030 - CMSIS Pack Vendor :STMicroelectronics X-CUBE-AI 7.2.0
2024-01-11 15:22:06,637 [INFO] ThirdParty:1030 - CMSIS Pack Vendor :STMicroelectronics FP-SNS-SMARTAG2 1.2.0
2024-01-11 15:22:06,637 [INFO] ThirdParty:1030 - CMSIS Pack Vendor :STMicroelectronics X-CUBE-AZRTOS-WL 2.0.0
2024-01-11 15:22:06,637 [INFO] ThirdParty:1030 - CMSIS Pack Vendor :STMicroelectronics USB_DEVICE 1.0.0
2024-01-11 15:22:06,637 [INFO] ThirdParty:1030 - CMSIS Pack Vendor :STMicroelectronics X-CUBE-AI 8.1.0
2024-01-11 15:22:06,637 [INFO] ThirdParty:1030 - CMSIS Pack Vendor :STMicroelectronics X-CUBE-AZRTOS-L4 2.0.0
2024-01-11 15:22:06,637 [INFO] ThirdParty:1030 - CMSIS Pack Vendor :STMicroelectronics ThreadX 0.0.2
2024-01-11 15:22:06,637 [INFO] ThirdParty:1030 - CMSIS Pack Vendor :WES I-CUBE-Cesium 1.3.0
2024-01-11 15:22:06,637 [INFO] ThirdParty:1030 - CMSIS Pack Vendor :STMicroelectronics lwIP 2.1.2
2024-01-11 15:22:06,637 [INFO] ThirdParty:1030 - CMSIS Pack Vendor :STMicroelectronics X-CUBE-SFXS2LP1 4.0.0
2024-01-11 15:22:06,637 [INFO] ThirdParty:1030 - CMSIS Pack Vendor :STMicroelectronics X-CUBE-BLE2 3.3.0
2024-01-11 15:22:06,637 [INFO] ThirdParty:1030 - CMSIS Pack Vendor :STMicroelectronics X-CUBE-DISPLAY 2.2.0
2024-01-11 15:22:06,638 [INFO] ThirdParty:1030 - CMSIS Pack Vendor :STMicroelectronics X-CUBE-TOF1 3.2.0
2024-01-11 15:22:06,638 [INFO] ThirdParty:1030 - CMSIS Pack Vendor :STMicroelectronics PDM2PCM 3.2.0
2024-01-11 15:22:06,638 [INFO] ThirdParty:1030 - CMSIS Pack Vendor :STMicroelectronics X-CUBE-AZRTOS-H7 3.0.0
2024-01-11 15:22:06,638 [INFO] ThirdParty:1030 - CMSIS Pack Vendor :STMicroelectronics X-CUBE-ISPU 1.0.0
2024-01-11 15:22:06,638 [INFO] ThirdParty:1030 - CMSIS Pack Vendor :STMicroelectronics X-CUBE-ISPU 1.1.0
2024-01-11 15:22:06,638 [INFO] ThirdParty:1030 - CMSIS Pack Vendor :RoweBots I-CUBE-UNISONRTOS 5.5.0-4
2024-01-11 15:22:06,638 [INFO] ThirdParty:1030 - CMSIS Pack Vendor :STMicroelectronics X-CUBE-AZRTOS-H7 2.1.0
2024-01-11 15:22:06,638 [INFO] ThirdParty:1030 - CMSIS Pack Vendor :STMicroelectronics USB_DEVICE 3.0.0
2024-01-11 15:22:06,638 [INFO] ThirdParty:1030 - CMSIS Pack Vendor :STMicroelectronics X-CUBE-AI 8.0.0
2024-01-11 15:22:06,638 [INFO] ThirdParty:1030 - CMSIS Pack Vendor :STMicroelectronics X-CUBE-AZRTOS-WB 2.0.0
2024-01-11 15:22:06,638 [INFO] ThirdParty:1030 - CMSIS Pack Vendor :STMicroelectronics X-CUBE-FREERTOS 1.0.0
2024-01-11 15:22:06,638 [INFO] ThirdParty:1030 - CMSIS Pack Vendor :STMicroelectronics X-CUBE-FREERTOS 1.0.1
2024-01-11 15:22:06,638 [INFO] ThirdParty:1030 - CMSIS Pack Vendor :STMicroelectronics X-CUBE-TOUCHGFX 4.21.1
2024-01-11 15:22:06,638 [INFO] ThirdParty:1030 - CMSIS Pack Vendor :STMicroelectronics X-CUBE-TOUCHGFX 4.21.0
2024-01-11 15:22:06,638 [INFO] ThirdParty:1030 - CMSIS Pack Vendor :STMicroelectronics X-CUBE-TOUCHGFX 4.21.3
2024-01-11 15:22:06,638 [INFO] ThirdParty:1030 - CMSIS Pack Vendor :STMicroelectronics X-CUBE-BLEMGR 1.0.0
2024-01-11 15:22:06,638 [INFO] ThirdParty:1030 - CMSIS Pack Vendor :STMicroelectronics X-CUBE-MEMS1 9.4.0
2024-01-11 15:22:06,638 [INFO] ThirdParty:1030 - CMSIS Pack Vendor :STMicroelectronics X-CUBE-AI 7.3.0
2024-01-11 15:22:06,639 [INFO] ThirdParty:1030 - CMSIS Pack Vendor :STMicroelectronics X-CUBE-ALGOBUILD 1.3.0
2024-01-11 15:22:06,639 [INFO] ThirdParty:1030 - CMSIS Pack Vendor :STMicroelectronics X-CUBE-AZRTOS-L5 1.1.0
2024-01-11 15:22:06,639 [INFO] ThirdParty:1030 - CMSIS Pack Vendor :STMicroelectronics X-CUBE-AZRTOS-G0 1.1.0
2024-01-11 15:22:06,639 [INFO] ThirdParty:1030 - CMSIS Pack Vendor :STMicroelectronics X-CUBE-NFC4 3.0.0
2024-01-11 15:22:06,639 [INFO] ThirdParty:1030 - CMSIS Pack Vendor :SEGGER I-CUBE-embOS 1.2.0
2024-01-11 15:22:06,639 [INFO] ThirdParty:1030 - CMSIS Pack Vendor :STMicroelectronics X-CUBE-SUBG2 5.0.0
2024-01-11 15:22:06,639 [INFO] ThirdParty:1030 - CMSIS Pack Vendor :STMicroelectronics STM32_WPAN 1.0.0
2024-01-11 15:22:06,639 [INFO] ThirdParty:1030 - CMSIS Pack Vendor :STMicroelectronics lwIP 2.0.3
2024-01-11 15:22:06,639 [INFO] ThirdParty:1030 - CMSIS Pack Vendor :STMicroelectronics USB_HOST 1.0.0
2024-01-11 15:22:06,639 [INFO] ThirdParty:1030 - CMSIS Pack Vendor :STMicroelectronics X-CUBE-TOF1 3.3.1
2024-01-11 15:22:06,639 [INFO] ThirdParty:1030 - CMSIS Pack Vendor :STMicroelectronics X-CUBE-AZRTOS-G4 2.0.0
2024-01-11 15:22:06,639 [INFO] ThirdParty:1030 - CMSIS Pack Vendor :STMicroelectronics PDM2PCM 3.1.0
2024-01-11 15:22:06,639 [INFO] ThirdParty:1030 - CMSIS Pack Vendor :STMicroelectronics X-CUBE-TOF1 3.3.0
2024-01-11 15:22:06,639 [INFO] ThirdParty:1030 - CMSIS Pack Vendor :STMicroelectronics FP-ATR-ASTRA1 1.1.1
2024-01-11 15:22:06,639 [INFO] ThirdParty:1030 - CMSIS Pack Vendor :Infineon AIROC-Wi-Fi-Bluetooth-STM32 1.5.1
2024-01-11 15:22:06,639 [INFO] ThirdParty:1030 - CMSIS Pack Vendor :STMicroelectronics X-CUBE-BLEMGR 3.0.0
2024-01-11 15:22:06,639 [INFO] ThirdParty:1030 - CMSIS Pack Vendor :STMicroelectronics X-CUBE-BLEMGR 1.3.0
2024-01-11 15:22:06,639 [INFO] ThirdParty:1030 - CMSIS Pack Vendor :STMicroelectronics FP-SNS-MOTENVWB1 1.3.0
2024-01-11 15:22:06,639 [INFO] ThirdParty:1030 - CMSIS Pack Vendor :STMicroelectronics FP-SNS-MOTENVWB1 1.3.1
2024-01-11 15:22:06,639 [INFO] ThirdParty:1030 - CMSIS Pack Vendor :STMicroelectronics FP-ATR-SIGFOX1 3.2.0
2024-01-11 15:22:06,639 [INFO] ThirdParty:1030 - CMSIS Pack Vendor :STMicroelectronics X-CUBE-AZRTOS-G4 1.0.0
2024-01-11 15:22:06,639 [INFO] ThirdParty:1030 - CMSIS Pack Vendor :STMicroelectronics X-CUBE-AZRTOS-L4 1.0.0
2024-01-11 15:22:06,639 [INFO] ThirdParty:1030 - CMSIS Pack Vendor :STMicroelectronics X-CUBE-ISPU 2.0.0
2024-01-11 15:22:06,639 [INFO] ThirdParty:1030 - CMSIS Pack Vendor :STMicroelectronics MBEDTLS 2.16.2
2024-01-11 15:22:06,639 [INFO] ThirdParty:1030 - CMSIS Pack Vendor :emotas I-CUBE-CANOPEN 1.1.2
2024-01-11 15:22:06,639 [INFO] ThirdParty:1030 - CMSIS Pack Vendor :STMicroelectronics X-CUBE-TOUCHGFX 4.20.0
2024-01-11 15:22:06,639 [INFO] ThirdParty:1030 - CMSIS Pack Vendor :STMicroelectronics X-CUBE-MEMS1 10.0.0
2024-01-11 15:22:06,639 [INFO] ThirdParty:1030 - CMSIS Pack Vendor :STMicroelectronics X-CUBE-FREERTOS 1.1.0
2024-01-11 15:22:06,639 [INFO] ThirdParty:1030 - CMSIS Pack Vendor :STMicroelectronics X-CUBE-AZRTOS-WL 1.0.0
2024-01-11 15:22:06,639 [INFO] ThirdParty:1030 - CMSIS Pack Vendor :portGmbH I-Cube-SoM-uGOAL 1.1.0
2024-01-11 15:22:06,639 [INFO] ThirdParty:1030 - CMSIS Pack Vendor :STMicroelectronics X-CUBE-ALS 1.0.1
2024-01-11 15:22:06,640 [INFO] ThirdParty:1030 - CMSIS Pack Vendor :STMicroelectronics X-CUBE-MEMS1 9.5.0
2024-01-11 15:22:06,640 [INFO] ThirdParty:1030 - CMSIS Pack Vendor :STMicroelectronics ThreadX 1.0.0
2024-01-11 15:22:06,640 [INFO] ThirdParty:1030 - CMSIS Pack Vendor :STMicroelectronics X-CUBE-AZRTOS-WB 1.1.0
2024-01-11 15:22:06,640 [INFO] ThirdParty:1030 - CMSIS Pack Vendor :SEGGER I-CUBE-embOS 1.3.1
2024-01-11 15:22:06,640 [INFO] ThirdParty:1030 - CMSIS Pack Vendor :STMicroelectronics X-CUBE-AZRTOS-L5 1.0.0
2024-01-11 15:22:06,640 [INFO] ThirdParty:1030 - CMSIS Pack Vendor :STMicroelectronics X-CUBE-EEPRMA1 3.1.1
2024-01-11 15:22:06,640 [INFO] ThirdParty:1030 - CMSIS Pack Vendor :STMicroelectronics FP-ATR-ASTRA1 2.0.0
2024-01-11 15:22:06,640 [INFO] ThirdParty:1030 - CMSIS Pack Vendor :STMicroelectronics X-CUBE-TOF1 3.4.0
2024-01-11 15:22:06,640 [INFO] ThirdParty:1030 - CMSIS Pack Vendor :STMicroelectronics X-CUBE-AZRTOS-H7 3.2.0
2024-01-11 15:22:06,640 [INFO] ThirdParty:841 - exiting critical section [change project]
2024-01-11 15:22:06,919 [INFO] PinOutPanel:1499 - setPackage(No Configuration,No Configuration)
2024-01-11 15:22:06,921 [INFO] PinOutPanel:1499 - setPackage(STM32F103C6Ux,UFQFPN48)
2024-01-11 15:22:07,355 [INFO] UtilMem:75 - Before build in PCC Used Memory: 593416568 Bytes (864026624)
2024-01-11 15:22:08,095 [INFO] UtilMem:75 - After build in PCC Used Memory: 576860128 Bytes (864026624)
2024-01-11 15:22:08,113 [INFO] IPUIPlugin:80 - create IPUIPlugin
2024-01-11 15:22:08,113 [INFO] IPUIPlugin:80 - create IPUIPlugin
2024-01-11 15:22:08,113 [INFO] IPUIPlugin:80 - create IPUIPlugin
2024-01-11 15:22:08,113 [INFO] IPUIPlugin:80 - create IPUIPlugin
2024-01-11 15:22:08,113 [INFO] IPUIPlugin:80 - create IPUIPlugin
2024-01-11 15:22:08,113 [INFO] IPUIPlugin:80 - create IPUIPlugin
2024-01-11 15:22:08,113 [INFO] IPUIPlugin:80 - create IPUIPlugin
2024-01-11 15:22:08,113 [INFO] IPUIPlugin:80 - create IPUIPlugin
2024-01-11 15:22:08,113 [INFO] IPUIPlugin:80 - create IPUIPlugin
2024-01-11 15:22:08,113 [INFO] IPUIPlugin:80 - create IPUIPlugin
2024-01-11 15:22:08,113 [INFO] IPUIPlugin:80 - create IPUIPlugin
2024-01-11 15:22:08,115 [INFO] IPUIPlugin:80 - create IPUIPlugin
2024-01-11 15:22:08,115 [INFO] IPUIPlugin:80 - create IPUIPlugin
2024-01-11 15:22:08,115 [INFO] IPUIPlugin:80 - create IPUIPlugin
2024-01-11 15:22:08,115 [INFO] IPUIPlugin:80 - create IPUIPlugin
2024-01-11 15:22:08,115 [INFO] IPUIPlugin:80 - create IPUIPlugin
2024-01-11 15:22:08,115 [INFO] IPUIPlugin:80 - create IPUIPlugin
2024-01-11 15:22:08,115 [INFO] IPUIPlugin:80 - create IPUIPlugin
2024-01-11 15:22:08,116 [INFO] IPUIPlugin:80 - create IPUIPlugin
2024-01-11 15:22:08,116 [INFO] IPUIPlugin:80 - create IPUIPlugin
2024-01-11 15:22:08,116 [INFO] IPUIPlugin:80 - create IPUIPlugin
2024-01-11 15:22:08,116 [INFO] IPUIPlugin:80 - create IPUIPlugin
2024-01-11 15:22:08,116 [INFO] IPUIPlugin:80 - create IPUIPlugin
2024-01-11 15:22:08,273 [INFO] CADModel:165 - CPN selected for project levelSTM32F103C6U6A
2024-01-11 15:22:08,273 [INFO] CADModel:114 - Register for checkConnection events
2024-01-11 15:22:08,324 [INFO] OpenFileManager:328 - Restore cursor
2024-01-11 15:25:23,927 [INFO] Gpio:273 - dependency for GPIO []
2024-01-11 15:26:18,607 [INFO] UtilMem:75 - End SaveConfig() Used Memory: 598870096 Bytes (864026624)
2024-01-11 15:26:21,955 [INFO] UtilMem:75 - End SaveConfig() Used Memory: 619883056 Bytes (864026624)
2024-01-11 15:26:23,136 [INFO] UtilMem:75 - End SaveConfig() Used Memory: 658300640 Bytes (864026624)
2024-01-11 15:26:23,637 [INFO] BlockDiagram:2759 - set Specific Code input for plugin: NVIC
2024-01-11 15:26:23,637 [INFO] BlockDiagram:2759 - set Specific Code input for plugin: GPIO
2024-01-11 15:26:23,637 [INFO] BlockDiagram:2759 - set Specific Code input for plugin: RCC
2024-01-11 15:26:23,637 [INFO] BlockDiagram:2759 - set Specific Code input for plugin: TIM1_8F1
2024-01-11 15:26:23,642 [INFO] CodeGenerator:793 - code generatio: config db path: C:\ST\STM32CubeIDE_1.7.0\STM32CubeIDE\plugins\com.st.stm32cube.common.mx_6.8.0.202302231600\\db\
2024-01-11 15:26:24,182 [INFO] CodeEngine:255 - oldGeneratedFile, D:\Embedded_Programming\STM\STM32\Microprocessors_Microcontrollers_Lab\Microprocessors_Microcontrollers_Lab_3\STM32CubeIDE\STM32ProjectforLab3\MXTmpFiles\license.tmp_save
2024-01-11 15:26:24,469 [INFO] CodeEngine:279 - Generated code: D:\Embedded_Programming\STM\STM32\Microprocessors_Microcontrollers_Lab\Microprocessors_Microcontrollers_Lab_3\STM32CubeIDE\STM32ProjectforLab3\MXTmpFiles\license.tmp
2024-01-11 15:26:24,545 [INFO] CodeEngine:255 - oldGeneratedFile, D:\Embedded_Programming\STM\STM32\Microprocessors_Microcontrollers_Lab\Microprocessors_Microcontrollers_Lab_3\STM32CubeIDE\STM32ProjectforLab3\MXTmpFiles\gpio.tmp_save
2024-01-11 15:26:24,665 [INFO] CodeEngine:279 - Generated code: D:\Embedded_Programming\STM\STM32\Microprocessors_Microcontrollers_Lab\Microprocessors_Microcontrollers_Lab_3\STM32CubeIDE\STM32ProjectforLab3\MXTmpFiles\gpio.tmp
2024-01-11 15:26:24,848 [INFO] CodeEngine:255 - oldGeneratedFile, D:\Embedded_Programming\STM\STM32\Microprocessors_Microcontrollers_Lab\Microprocessors_Microcontrollers_Lab_3\STM32CubeIDE\STM32ProjectforLab3\Core\Src\stm32f1xx_it.c_save
2024-01-11 15:26:25,007 [INFO] CodeEngine:279 - Generated code: D:\Embedded_Programming\STM\STM32\Microprocessors_Microcontrollers_Lab\Microprocessors_Microcontrollers_Lab_3\STM32CubeIDE\STM32ProjectforLab3\Core\Src\stm32f1xx_it.c
2024-01-11 15:26:25,030 [INFO] CodeEngine:255 - oldGeneratedFile, D:\Embedded_Programming\STM\STM32\Microprocessors_Microcontrollers_Lab\Microprocessors_Microcontrollers_Lab_3\STM32CubeIDE\STM32ProjectforLab3\Core\Inc\stm32f1xx_it.h_save
2024-01-11 15:26:25,138 [INFO] CodeEngine:279 - Generated code: D:\Embedded_Programming\STM\STM32\Microprocessors_Microcontrollers_Lab\Microprocessors_Microcontrollers_Lab_3\STM32CubeIDE\STM32ProjectforLab3\Core\Inc\stm32f1xx_it.h
2024-01-11 15:26:25,184 [INFO] CodeEngine:255 - oldGeneratedFile, D:\Embedded_Programming\STM\STM32\Microprocessors_Microcontrollers_Lab\Microprocessors_Microcontrollers_Lab_3\STM32CubeIDE\STM32ProjectforLab3\Core\Src\stm32f1xx_hal_msp.c_save
2024-01-11 15:26:25,314 [INFO] CodeEngine:279 - Generated code: D:\Embedded_Programming\STM\STM32\Microprocessors_Microcontrollers_Lab\Microprocessors_Microcontrollers_Lab_3\STM32CubeIDE\STM32ProjectforLab3\Core\Src\stm32f1xx_hal_msp.c
2024-01-11 15:26:25,324 [INFO] CodeEngine:255 - oldGeneratedFile, D:\Embedded_Programming\STM\STM32\Microprocessors_Microcontrollers_Lab\Microprocessors_Microcontrollers_Lab_3\STM32CubeIDE\STM32ProjectforLab3\MXTmpFiles\system.tmp_save
2024-01-11 15:26:25,396 [INFO] CodeEngine:279 - Generated code: D:\Embedded_Programming\STM\STM32\Microprocessors_Microcontrollers_Lab\Microprocessors_Microcontrollers_Lab_3\STM32CubeIDE\STM32ProjectforLab3\MXTmpFiles\system.tmp
2024-01-11 15:26:25,419 [INFO] CodeEngine:311 - oldGeneratedFile, D:\Embedded_Programming\STM\STM32\Microprocessors_Microcontrollers_Lab\Microprocessors_Microcontrollers_Lab_3\STM32CubeIDE\STM32ProjectforLab3\Core\Inc\stm32f1xx_hal_conf.h_save
2024-01-11 15:26:25,526 [INFO] CodeEngine:335 - Generated code: D:\Embedded_Programming\STM\STM32\Microprocessors_Microcontrollers_Lab\Microprocessors_Microcontrollers_Lab_3\STM32CubeIDE\STM32ProjectforLab3\Core\Inc\stm32f1xx_hal_conf.h
2024-01-11 15:26:25,551 [WARN] IPConfigManager:3431 - IP not found : TIM
2024-01-11 15:26:25,552 [WARN] CodeGenerator:3754 - IP not found : null
2024-01-11 15:26:25,573 [INFO] CodeEngine:255 - oldGeneratedFile, D:\Embedded_Programming\STM\STM32\Microprocessors_Microcontrollers_Lab\Microprocessors_Microcontrollers_Lab_3\STM32CubeIDE\STM32ProjectforLab3\Core\Inc\main.h_save
2024-01-11 15:26:25,694 [INFO] CodeEngine:279 - Generated code: D:\Embedded_Programming\STM\STM32\Microprocessors_Microcontrollers_Lab\Microprocessors_Microcontrollers_Lab_3\STM32CubeIDE\STM32ProjectforLab3\Core\Inc\main.h
2024-01-11 15:26:25,725 [INFO] CodeEngine:255 - oldGeneratedFile, D:\Embedded_Programming\STM\STM32\Microprocessors_Microcontrollers_Lab\Microprocessors_Microcontrollers_Lab_3\STM32CubeIDE\STM32ProjectforLab3\Core\Src\main.c_save
2024-01-11 15:26:25,869 [INFO] CodeEngine:279 - Generated code: D:\Embedded_Programming\STM\STM32\Microprocessors_Microcontrollers_Lab\Microprocessors_Microcontrollers_Lab_3\STM32CubeIDE\STM32ProjectforLab3\Core\Src\main.c
2024-01-11 15:26:26,708 [INFO] ProjectBuilder:2996 - Time for Copy HAL[1] : 166mS.
2024-01-11 15:26:26,717 [INFO] ProjectBuilder:4304 - Project Generator version: 3.19.2
2024-01-11 15:26:27,010 [INFO] ConfigFileManager:1483 - The Die is : DIE412
2024-01-11 15:26:27,027 [INFO] ApiDbMcu:507 - Load IP Config File for FATFS
2024-01-11 15:26:27,041 [INFO] ApiDbMcu:507 - Load IP Config File for FREERTOS
2024-01-11 15:26:27,057 [INFO] ApiDbMcu:507 - Load IP Config File for USB_DEVICE
2024-01-11 15:26:28,266 [INFO] LogOutputStream:77 - [STDOUT_REDIRECT] 
2024-01-11 15:26:29,749 [INFO] ProjectBuilder:4505 - Time for Generating toolchain IDE Files: 3032mS.
2024-01-11 15:26:29,751 [INFO] ProjectBuilder:2867 - Time for Copy CMSIS : 0mS.
2024-01-11 15:26:29,751 [INFO] ProjectBuilder:2867 - Time for Copy CMSIS : 0mS.
2024-01-11 15:28:35,353 [INFO] Gpio:273 - dependency for GPIO []
2024-01-11 15:28:54,259 [INFO] Gpio:273 - dependency for GPIO []
2024-01-11 15:29:16,255 [INFO] Gpio:273 - dependency for GPIO []
2024-01-11 15:29:18,288 [INFO] Gpio:273 - dependency for GPIO []
2024-01-11 15:29:26,823 [INFO] Gpio:273 - dependency for GPIO []
2024-01-11 15:29:35,408 [INFO] Gpio:273 - dependency for GPIO []
2024-01-11 15:29:52,003 [INFO] Gpio:273 - dependency for GPIO []
2024-01-11 15:29:53,858 [INFO] Gpio:273 - dependency for GPIO []
2024-01-11 15:29:53,893 [INFO] NvicIntPanel:101 - NVIC parent = com.st.microxplorer.plugins.ip.nvic.MultiNvicIntPanel[,0,0,0x0,invalid,layout=javax.swing.BoxLayout,alignmentX=0.0,alignmentY=0.0,border=,flags=9,maximumSize=,minimumSize=,preferredSize=]
2024-01-11 15:29:55,630 [INFO] Gpio:273 - dependency for GPIO []
2024-01-11 15:29:55,652 [INFO] NvicIntPanel:101 - NVIC parent = com.st.microxplorer.plugins.ip.nvic.MultiNvicIntPanel[,0,0,0x0,invalid,layout=javax.swing.BoxLayout,alignmentX=0.0,alignmentY=0.0,border=,flags=9,maximumSize=,minimumSize=,preferredSize=]
2024-01-11 15:31:16,297 [INFO] Gpio:273 - dependency for GPIO []
2024-01-11 15:31:16,314 [INFO] NvicIntPanel:101 - NVIC parent = com.st.microxplorer.plugins.ip.nvic.MultiNvicIntPanel[,0,0,0x0,invalid,layout=javax.swing.BoxLayout,alignmentX=0.0,alignmentY=0.0,border=,flags=9,maximumSize=,minimumSize=,preferredSize=]
2024-01-11 15:31:19,028 [INFO] Gpio:273 - dependency for GPIO []
2024-01-11 15:31:19,043 [INFO] NvicIntPanel:101 - NVIC parent = com.st.microxplorer.plugins.ip.nvic.MultiNvicIntPanel[,0,0,0x0,invalid,layout=javax.swing.BoxLayout,alignmentX=0.0,alignmentY=0.0,border=,flags=9,maximumSize=,minimumSize=,preferredSize=]
2024-01-11 15:31:21,216 [INFO] Gpio:273 - dependency for GPIO []
2024-01-11 15:31:21,229 [INFO] NvicIntPanel:101 - NVIC parent = com.st.microxplorer.plugins.ip.nvic.MultiNvicIntPanel[,0,0,0x0,invalid,layout=javax.swing.BoxLayout,alignmentX=0.0,alignmentY=0.0,border=,flags=9,maximumSize=,minimumSize=,preferredSize=]
2024-01-11 15:31:46,395 [INFO] Gpio:273 - dependency for GPIO []
2024-01-11 15:31:46,407 [INFO] NvicIntPanel:101 - NVIC parent = com.st.microxplorer.plugins.ip.nvic.MultiNvicIntPanel[,0,0,0x0,invalid,layout=javax.swing.BoxLayout,alignmentX=0.0,alignmentY=0.0,border=,flags=9,maximumSize=,minimumSize=,preferredSize=]
2024-01-11 15:31:57,637 [INFO] Gpio:273 - dependency for GPIO []
2024-01-11 15:31:57,650 [INFO] NvicIntPanel:101 - NVIC parent = com.st.microxplorer.plugins.ip.nvic.MultiNvicIntPanel[,0,0,0x0,invalid,layout=javax.swing.BoxLayout,alignmentX=0.0,alignmentY=0.0,border=,flags=9,maximumSize=,minimumSize=,preferredSize=]
2024-01-11 15:32:10,568 [INFO] Gpio:273 - dependency for GPIO []
2024-01-11 15:32:10,579 [INFO] NvicIntPanel:101 - NVIC parent = com.st.microxplorer.plugins.ip.nvic.MultiNvicIntPanel[,0,0,0x0,invalid,layout=javax.swing.BoxLayout,alignmentX=0.0,alignmentY=0.0,border=,flags=9,maximumSize=,minimumSize=,preferredSize=]
2024-01-11 15:32:20,492 [INFO] Gpio:273 - dependency for GPIO []
2024-01-11 15:32:20,503 [INFO] NvicIntPanel:101 - NVIC parent = com.st.microxplorer.plugins.ip.nvic.MultiNvicIntPanel[,0,0,0x0,invalid,layout=javax.swing.BoxLayout,alignmentX=0.0,alignmentY=0.0,border=,flags=9,maximumSize=,minimumSize=,preferredSize=]
2024-01-11 15:32:37,075 [INFO] Gpio:273 - dependency for GPIO []
2024-01-11 15:32:37,089 [INFO] NvicIntPanel:101 - NVIC parent = com.st.microxplorer.plugins.ip.nvic.MultiNvicIntPanel[,0,0,0x0,invalid,layout=javax.swing.BoxLayout,alignmentX=0.0,alignmentY=0.0,border=,flags=9,maximumSize=,minimumSize=,preferredSize=]
2024-01-11 15:32:50,230 [INFO] Gpio:273 - dependency for GPIO []
2024-01-11 15:32:50,247 [INFO] NvicIntPanel:101 - NVIC parent = com.st.microxplorer.plugins.ip.nvic.MultiNvicIntPanel[,0,0,0x0,invalid,layout=javax.swing.BoxLayout,alignmentX=0.0,alignmentY=0.0,border=,flags=9,maximumSize=,minimumSize=,preferredSize=]
2024-01-11 15:32:58,923 [INFO] Gpio:273 - dependency for GPIO []
2024-01-11 15:32:58,937 [INFO] NvicIntPanel:101 - NVIC parent = com.st.microxplorer.plugins.ip.nvic.MultiNvicIntPanel[,0,0,0x0,invalid,layout=javax.swing.BoxLayout,alignmentX=0.0,alignmentY=0.0,border=,flags=9,maximumSize=,minimumSize=,preferredSize=]
2024-01-11 15:33:25,318 [INFO] Gpio:273 - dependency for GPIO []
2024-01-11 15:33:25,329 [INFO] NvicIntPanel:101 - NVIC parent = com.st.microxplorer.plugins.ip.nvic.MultiNvicIntPanel[,0,0,0x0,invalid,layout=javax.swing.BoxLayout,alignmentX=0.0,alignmentY=0.0,border=,flags=9,maximumSize=,minimumSize=,preferredSize=]
2024-01-11 15:33:33,091 [INFO] Gpio:273 - dependency for GPIO []
2024-01-11 15:33:33,106 [INFO] NvicIntPanel:101 - NVIC parent = com.st.microxplorer.plugins.ip.nvic.MultiNvicIntPanel[,0,0,0x0,invalid,layout=javax.swing.BoxLayout,alignmentX=0.0,alignmentY=0.0,border=,flags=9,maximumSize=,minimumSize=,preferredSize=]
2024-01-11 15:33:44,232 [INFO] Gpio:273 - dependency for GPIO []
2024-01-11 15:33:44,242 [INFO] NvicIntPanel:101 - NVIC parent = com.st.microxplorer.plugins.ip.nvic.MultiNvicIntPanel[,0,0,0x0,invalid,layout=javax.swing.BoxLayout,alignmentX=0.0,alignmentY=0.0,border=,flags=9,maximumSize=,minimumSize=,preferredSize=]
2024-01-11 15:33:57,226 [INFO] Gpio:273 - dependency for GPIO []
2024-01-11 15:33:57,238 [INFO] NvicIntPanel:101 - NVIC parent = com.st.microxplorer.plugins.ip.nvic.MultiNvicIntPanel[,0,0,0x0,invalid,layout=javax.swing.BoxLayout,alignmentX=0.0,alignmentY=0.0,border=,flags=9,maximumSize=,minimumSize=,preferredSize=]
2024-01-11 15:34:49,935 [INFO] UtilMem:75 - End SaveConfig() Used Memory: 648403592 Bytes (929038336)
2024-01-11 15:34:50,933 [INFO] UtilMem:75 - End SaveConfig() Used Memory: 666965096 Bytes (929038336)
2024-01-11 15:34:51,859 [INFO] UtilMem:75 - End SaveConfig() Used Memory: 697624640 Bytes (929038336)
2024-01-11 15:34:52,066 [INFO] BlockDiagram:2759 - set Specific Code input for plugin: NVIC
2024-01-11 15:34:52,066 [INFO] BlockDiagram:2759 - set Specific Code input for plugin: GPIO
2024-01-11 15:34:52,066 [INFO] BlockDiagram:2759 - set Specific Code input for plugin: RCC
2024-01-11 15:34:52,066 [INFO] BlockDiagram:2759 - set Specific Code input for plugin: TIM1_8F1
2024-01-11 15:34:52,067 [INFO] CodeGenerator:793 - code generatio: config db path: C:\ST\STM32CubeIDE_1.7.0\STM32CubeIDE\plugins\com.st.stm32cube.common.mx_6.8.0.202302231600\\db\
2024-01-11 15:34:52,186 [INFO] CodeEngine:255 - oldGeneratedFile, D:\Embedded_Programming\STM\STM32\Microprocessors_Microcontrollers_Lab\Microprocessors_Microcontrollers_Lab_3\STM32CubeIDE\STM32ProjectforLab3\MXTmpFiles\license.tmp_save
2024-01-11 15:34:52,297 [INFO] CodeEngine:279 - Generated code: D:\Embedded_Programming\STM\STM32\Microprocessors_Microcontrollers_Lab\Microprocessors_Microcontrollers_Lab_3\STM32CubeIDE\STM32ProjectforLab3\MXTmpFiles\license.tmp
2024-01-11 15:34:52,358 [INFO] CodeEngine:255 - oldGeneratedFile, D:\Embedded_Programming\STM\STM32\Microprocessors_Microcontrollers_Lab\Microprocessors_Microcontrollers_Lab_3\STM32CubeIDE\STM32ProjectforLab3\MXTmpFiles\gpio.tmp_save
2024-01-11 15:34:52,450 [INFO] CodeEngine:279 - Generated code: D:\Embedded_Programming\STM\STM32\Microprocessors_Microcontrollers_Lab\Microprocessors_Microcontrollers_Lab_3\STM32CubeIDE\STM32ProjectforLab3\MXTmpFiles\gpio.tmp
2024-01-11 15:34:52,488 [INFO] CodeEngine:255 - oldGeneratedFile, D:\Embedded_Programming\STM\STM32\Microprocessors_Microcontrollers_Lab\Microprocessors_Microcontrollers_Lab_3\STM32CubeIDE\STM32ProjectforLab3\Core\Src\stm32f1xx_it.c_save
2024-01-11 15:34:52,602 [INFO] CodeEngine:279 - Generated code: D:\Embedded_Programming\STM\STM32\Microprocessors_Microcontrollers_Lab\Microprocessors_Microcontrollers_Lab_3\STM32CubeIDE\STM32ProjectforLab3\Core\Src\stm32f1xx_it.c
2024-01-11 15:34:52,606 [INFO] CodeEngine:255 - oldGeneratedFile, D:\Embedded_Programming\STM\STM32\Microprocessors_Microcontrollers_Lab\Microprocessors_Microcontrollers_Lab_3\STM32CubeIDE\STM32ProjectforLab3\Core\Inc\stm32f1xx_it.h_save
2024-01-11 15:34:52,681 [INFO] CodeEngine:279 - Generated code: D:\Embedded_Programming\STM\STM32\Microprocessors_Microcontrollers_Lab\Microprocessors_Microcontrollers_Lab_3\STM32CubeIDE\STM32ProjectforLab3\Core\Inc\stm32f1xx_it.h
2024-01-11 15:34:52,709 [INFO] CodeEngine:255 - oldGeneratedFile, D:\Embedded_Programming\STM\STM32\Microprocessors_Microcontrollers_Lab\Microprocessors_Microcontrollers_Lab_3\STM32CubeIDE\STM32ProjectforLab3\Core\Src\stm32f1xx_hal_msp.c_save
2024-01-11 15:34:52,797 [INFO] CodeEngine:279 - Generated code: D:\Embedded_Programming\STM\STM32\Microprocessors_Microcontrollers_Lab\Microprocessors_Microcontrollers_Lab_3\STM32CubeIDE\STM32ProjectforLab3\Core\Src\stm32f1xx_hal_msp.c
2024-01-11 15:34:52,801 [INFO] CodeEngine:255 - oldGeneratedFile, D:\Embedded_Programming\STM\STM32\Microprocessors_Microcontrollers_Lab\Microprocessors_Microcontrollers_Lab_3\STM32CubeIDE\STM32ProjectforLab3\MXTmpFiles\system.tmp_save
2024-01-11 15:34:52,918 [INFO] CodeEngine:279 - Generated code: D:\Embedded_Programming\STM\STM32\Microprocessors_Microcontrollers_Lab\Microprocessors_Microcontrollers_Lab_3\STM32CubeIDE\STM32ProjectforLab3\MXTmpFiles\system.tmp
2024-01-11 15:34:52,942 [INFO] CodeEngine:311 - oldGeneratedFile, D:\Embedded_Programming\STM\STM32\Microprocessors_Microcontrollers_Lab\Microprocessors_Microcontrollers_Lab_3\STM32CubeIDE\STM32ProjectforLab3\Core\Inc\stm32f1xx_hal_conf.h_save
2024-01-11 15:34:53,071 [INFO] CodeEngine:335 - Generated code: D:\Embedded_Programming\STM\STM32\Microprocessors_Microcontrollers_Lab\Microprocessors_Microcontrollers_Lab_3\STM32CubeIDE\STM32ProjectforLab3\Core\Inc\stm32f1xx_hal_conf.h
2024-01-11 15:34:53,089 [WARN] IPConfigManager:3431 - IP not found : TIM
2024-01-11 15:34:53,089 [WARN] CodeGenerator:3754 - IP not found : null
2024-01-11 15:34:53,109 [INFO] CodeEngine:255 - oldGeneratedFile, D:\Embedded_Programming\STM\STM32\Microprocessors_Microcontrollers_Lab\Microprocessors_Microcontrollers_Lab_3\STM32CubeIDE\STM32ProjectforLab3\Core\Inc\main.h_save
2024-01-11 15:34:53,249 [INFO] CodeEngine:279 - Generated code: D:\Embedded_Programming\STM\STM32\Microprocessors_Microcontrollers_Lab\Microprocessors_Microcontrollers_Lab_3\STM32CubeIDE\STM32ProjectforLab3\Core\Inc\main.h
2024-01-11 15:34:53,272 [INFO] CodeEngine:255 - oldGeneratedFile, D:\Embedded_Programming\STM\STM32\Microprocessors_Microcontrollers_Lab\Microprocessors_Microcontrollers_Lab_3\STM32CubeIDE\STM32ProjectforLab3\Core\Src\main.c_save
2024-01-11 15:34:53,413 [INFO] CodeEngine:279 - Generated code: D:\Embedded_Programming\STM\STM32\Microprocessors_Microcontrollers_Lab\Microprocessors_Microcontrollers_Lab_3\STM32CubeIDE\STM32ProjectforLab3\Core\Src\main.c
2024-01-11 15:34:53,946 [INFO] ProjectBuilder:2996 - Time for Copy HAL[1] : 85mS.
2024-01-11 15:34:53,948 [INFO] ProjectBuilder:4304 - Project Generator version: 3.19.2
2024-01-11 15:34:54,218 [INFO] ConfigFileManager:1483 - The Die is : DIE412
2024-01-11 15:34:55,811 [INFO] ProjectBuilder:4505 - Time for Generating toolchain IDE Files: 1863mS.
2024-01-11 15:34:55,812 [INFO] ProjectBuilder:2867 - Time for Copy CMSIS : 1mS.
2024-01-11 15:34:55,813 [INFO] ProjectBuilder:2867 - Time for Copy CMSIS : 0mS.
2024-01-11 16:01:34,421 [INFO] Gpio:273 - dependency for GPIO []
2024-01-11 16:01:34,450 [INFO] NvicIntPanel:101 - NVIC parent = com.st.microxplorer.plugins.ip.nvic.MultiNvicIntPanel[,0,0,0x0,invalid,layout=javax.swing.BoxLayout,alignmentX=0.0,alignmentY=0.0,border=,flags=9,maximumSize=,minimumSize=,preferredSize=]
2024-01-11 16:01:43,716 [INFO] Gpio:273 - dependency for GPIO []
2024-01-11 16:01:43,730 [INFO] NvicIntPanel:101 - NVIC parent = com.st.microxplorer.plugins.ip.nvic.MultiNvicIntPanel[,0,0,0x0,invalid,layout=javax.swing.BoxLayout,alignmentX=0.0,alignmentY=0.0,border=,flags=9,maximumSize=,minimumSize=,preferredSize=]
2024-01-11 16:01:49,835 [INFO] Gpio:273 - dependency for GPIO []
2024-01-11 16:01:49,847 [INFO] NvicIntPanel:101 - NVIC parent = com.st.microxplorer.plugins.ip.nvic.MultiNvicIntPanel[,0,0,0x0,invalid,layout=javax.swing.BoxLayout,alignmentX=0.0,alignmentY=0.0,border=,flags=9,maximumSize=,minimumSize=,preferredSize=]
2024-01-11 16:02:00,346 [INFO] Gpio:273 - dependency for GPIO []
2024-01-11 16:02:00,366 [INFO] NvicIntPanel:101 - NVIC parent = com.st.microxplorer.plugins.ip.nvic.MultiNvicIntPanel[,0,0,0x0,invalid,layout=javax.swing.BoxLayout,alignmentX=0.0,alignmentY=0.0,border=,flags=9,maximumSize=,minimumSize=,preferredSize=]
2024-01-11 16:02:21,704 [INFO] Gpio:273 - dependency for GPIO []
2024-01-11 16:02:46,690 [INFO] UtilMem:75 - End SaveConfig() Used Memory: 654985080 Bytes (998244352)
2024-01-11 16:02:47,828 [INFO] UtilMem:75 - End SaveConfig() Used Memory: 671429688 Bytes (998244352)
2024-01-11 16:02:48,805 [INFO] UtilMem:75 - End SaveConfig() Used Memory: 701668888 Bytes (998244352)
2024-01-11 16:02:49,056 [INFO] BlockDiagram:2759 - set Specific Code input for plugin: NVIC
2024-01-11 16:02:49,056 [INFO] BlockDiagram:2759 - set Specific Code input for plugin: GPIO
2024-01-11 16:02:49,056 [INFO] BlockDiagram:2759 - set Specific Code input for plugin: RCC
2024-01-11 16:02:49,057 [INFO] BlockDiagram:2759 - set Specific Code input for plugin: TIM1_8F1
2024-01-11 16:02:49,058 [INFO] CodeGenerator:793 - code generatio: config db path: C:\ST\STM32CubeIDE_1.7.0\STM32CubeIDE\plugins\com.st.stm32cube.common.mx_6.8.0.202302231600\\db\
2024-01-11 16:02:49,259 [INFO] CodeEngine:255 - oldGeneratedFile, D:\Embedded_Programming\STM\STM32\Microprocessors_Microcontrollers_Lab\Microprocessors_Microcontrollers_Lab_3\STM32CubeIDE\STM32ProjectforLab3\MXTmpFiles\license.tmp_save
2024-01-11 16:02:49,390 [INFO] CodeEngine:279 - Generated code: D:\Embedded_Programming\STM\STM32\Microprocessors_Microcontrollers_Lab\Microprocessors_Microcontrollers_Lab_3\STM32CubeIDE\STM32ProjectforLab3\MXTmpFiles\license.tmp
2024-01-11 16:02:49,426 [INFO] CodeEngine:255 - oldGeneratedFile, D:\Embedded_Programming\STM\STM32\Microprocessors_Microcontrollers_Lab\Microprocessors_Microcontrollers_Lab_3\STM32CubeIDE\STM32ProjectforLab3\MXTmpFiles\gpio.tmp_save
2024-01-11 16:02:49,556 [INFO] CodeEngine:279 - Generated code: D:\Embedded_Programming\STM\STM32\Microprocessors_Microcontrollers_Lab\Microprocessors_Microcontrollers_Lab_3\STM32CubeIDE\STM32ProjectforLab3\MXTmpFiles\gpio.tmp
2024-01-11 16:02:49,726 [INFO] CodeEngine:255 - oldGeneratedFile, D:\Embedded_Programming\STM\STM32\Microprocessors_Microcontrollers_Lab\Microprocessors_Microcontrollers_Lab_3\STM32CubeIDE\STM32ProjectforLab3\Core\Src\stm32f1xx_it.c_save
2024-01-11 16:02:49,936 [INFO] CodeEngine:279 - Generated code: D:\Embedded_Programming\STM\STM32\Microprocessors_Microcontrollers_Lab\Microprocessors_Microcontrollers_Lab_3\STM32CubeIDE\STM32ProjectforLab3\Core\Src\stm32f1xx_it.c
2024-01-11 16:02:49,950 [INFO] CodeEngine:255 - oldGeneratedFile, D:\Embedded_Programming\STM\STM32\Microprocessors_Microcontrollers_Lab\Microprocessors_Microcontrollers_Lab_3\STM32CubeIDE\STM32ProjectforLab3\Core\Inc\stm32f1xx_it.h_save
2024-01-11 16:02:49,996 [INFO] CodeEngine:279 - Generated code: D:\Embedded_Programming\STM\STM32\Microprocessors_Microcontrollers_Lab\Microprocessors_Microcontrollers_Lab_3\STM32CubeIDE\STM32ProjectforLab3\Core\Inc\stm32f1xx_it.h
2024-01-11 16:02:50,032 [INFO] CodeEngine:255 - oldGeneratedFile, D:\Embedded_Programming\STM\STM32\Microprocessors_Microcontrollers_Lab\Microprocessors_Microcontrollers_Lab_3\STM32CubeIDE\STM32ProjectforLab3\Core\Src\stm32f1xx_hal_msp.c_save
2024-01-11 16:02:50,481 [INFO] CodeEngine:279 - Generated code: D:\Embedded_Programming\STM\STM32\Microprocessors_Microcontrollers_Lab\Microprocessors_Microcontrollers_Lab_3\STM32CubeIDE\STM32ProjectforLab3\Core\Src\stm32f1xx_hal_msp.c
2024-01-11 16:02:50,486 [INFO] CodeEngine:255 - oldGeneratedFile, D:\Embedded_Programming\STM\STM32\Microprocessors_Microcontrollers_Lab\Microprocessors_Microcontrollers_Lab_3\STM32CubeIDE\STM32ProjectforLab3\MXTmpFiles\system.tmp_save
2024-01-11 16:02:50,554 [INFO] CodeEngine:279 - Generated code: D:\Embedded_Programming\STM\STM32\Microprocessors_Microcontrollers_Lab\Microprocessors_Microcontrollers_Lab_3\STM32CubeIDE\STM32ProjectforLab3\MXTmpFiles\system.tmp
2024-01-11 16:02:50,571 [INFO] CodeEngine:311 - oldGeneratedFile, D:\Embedded_Programming\STM\STM32\Microprocessors_Microcontrollers_Lab\Microprocessors_Microcontrollers_Lab_3\STM32CubeIDE\STM32ProjectforLab3\Core\Inc\stm32f1xx_hal_conf.h_save
2024-01-11 16:02:50,665 [INFO] CodeEngine:335 - Generated code: D:\Embedded_Programming\STM\STM32\Microprocessors_Microcontrollers_Lab\Microprocessors_Microcontrollers_Lab_3\STM32CubeIDE\STM32ProjectforLab3\Core\Inc\stm32f1xx_hal_conf.h
2024-01-11 16:02:50,685 [WARN] IPConfigManager:3431 - IP not found : TIM
2024-01-11 16:02:50,685 [WARN] CodeGenerator:3754 - IP not found : null
2024-01-11 16:02:50,699 [INFO] CodeEngine:255 - oldGeneratedFile, D:\Embedded_Programming\STM\STM32\Microprocessors_Microcontrollers_Lab\Microprocessors_Microcontrollers_Lab_3\STM32CubeIDE\STM32ProjectforLab3\Core\Inc\main.h_save
2024-01-11 16:02:50,821 [INFO] CodeEngine:279 - Generated code: D:\Embedded_Programming\STM\STM32\Microprocessors_Microcontrollers_Lab\Microprocessors_Microcontrollers_Lab_3\STM32CubeIDE\STM32ProjectforLab3\Core\Inc\main.h
2024-01-11 16:02:50,848 [INFO] CodeEngine:255 - oldGeneratedFile, D:\Embedded_Programming\STM\STM32\Microprocessors_Microcontrollers_Lab\Microprocessors_Microcontrollers_Lab_3\STM32CubeIDE\STM32ProjectforLab3\Core\Src\main.c_save
2024-01-11 16:02:50,966 [INFO] CodeEngine:279 - Generated code: D:\Embedded_Programming\STM\STM32\Microprocessors_Microcontrollers_Lab\Microprocessors_Microcontrollers_Lab_3\STM32CubeIDE\STM32ProjectforLab3\Core\Src\main.c
2024-01-11 16:02:51,482 [INFO] ProjectBuilder:2996 - Time for Copy HAL[1] : 145mS.
2024-01-11 16:02:51,485 [INFO] ProjectBuilder:4304 - Project Generator version: 3.19.2
2024-01-11 16:02:51,916 [INFO] ConfigFileManager:1483 - The Die is : DIE412
2024-01-11 16:02:53,725 [INFO] ProjectBuilder:4505 - Time for Generating toolchain IDE Files: 2238mS.
2024-01-11 16:02:53,727 [INFO] ProjectBuilder:2867 - Time for Copy CMSIS : 1mS.
2024-01-11 16:02:53,730 [INFO] ProjectBuilder:2867 - Time for Copy CMSIS : 0mS.
2024-01-11 16:12:59,435 [INFO] UtilMem:75 - End SaveConfig() Used Memory: 646743784 Bytes (1028653056)
2024-01-11 16:13:01,473 [INFO] UtilMem:75 - End SaveConfig() Used Memory: 669479728 Bytes (1028653056)
2024-01-11 16:13:03,983 [INFO] UtilMem:75 - End SaveConfig() Used Memory: 819236584 Bytes (1028653056)
2024-01-11 16:13:04,201 [INFO] BlockDiagram:2759 - set Specific Code input for plugin: NVIC
2024-01-11 16:13:04,202 [INFO] BlockDiagram:2759 - set Specific Code input for plugin: GPIO
2024-01-11 16:13:04,202 [INFO] BlockDiagram:2759 - set Specific Code input for plugin: RCC
2024-01-11 16:13:04,202 [INFO] BlockDiagram:2759 - set Specific Code input for plugin: TIM1_8F1
2024-01-11 16:13:04,203 [INFO] CodeGenerator:793 - code generatio: config db path: C:\ST\STM32CubeIDE_1.7.0\STM32CubeIDE\plugins\com.st.stm32cube.common.mx_6.8.0.202302231600\\db\
2024-01-11 16:13:04,343 [INFO] CodeEngine:255 - oldGeneratedFile, D:\Embedded_Programming\STM\STM32\Microprocessors_Microcontrollers_Lab\Microprocessors_Microcontrollers_Lab_3\STM32CubeIDE\STM32ProjectforLab3\MXTmpFiles\license.tmp_save
2024-01-11 16:13:04,432 [INFO] CodeEngine:279 - Generated code: D:\Embedded_Programming\STM\STM32\Microprocessors_Microcontrollers_Lab\Microprocessors_Microcontrollers_Lab_3\STM32CubeIDE\STM32ProjectforLab3\MXTmpFiles\license.tmp
2024-01-11 16:13:04,462 [INFO] CodeEngine:255 - oldGeneratedFile, D:\Embedded_Programming\STM\STM32\Microprocessors_Microcontrollers_Lab\Microprocessors_Microcontrollers_Lab_3\STM32CubeIDE\STM32ProjectforLab3\MXTmpFiles\gpio.tmp_save
2024-01-11 16:13:04,581 [INFO] CodeEngine:279 - Generated code: D:\Embedded_Programming\STM\STM32\Microprocessors_Microcontrollers_Lab\Microprocessors_Microcontrollers_Lab_3\STM32CubeIDE\STM32ProjectforLab3\MXTmpFiles\gpio.tmp
2024-01-11 16:13:04,620 [INFO] CodeEngine:255 - oldGeneratedFile, D:\Embedded_Programming\STM\STM32\Microprocessors_Microcontrollers_Lab\Microprocessors_Microcontrollers_Lab_3\STM32CubeIDE\STM32ProjectforLab3\Core\Src\stm32f1xx_it.c_save
2024-01-11 16:13:04,819 [INFO] CodeEngine:279 - Generated code: D:\Embedded_Programming\STM\STM32\Microprocessors_Microcontrollers_Lab\Microprocessors_Microcontrollers_Lab_3\STM32CubeIDE\STM32ProjectforLab3\Core\Src\stm32f1xx_it.c
2024-01-11 16:13:04,828 [INFO] CodeEngine:255 - oldGeneratedFile, D:\Embedded_Programming\STM\STM32\Microprocessors_Microcontrollers_Lab\Microprocessors_Microcontrollers_Lab_3\STM32CubeIDE\STM32ProjectforLab3\Core\Inc\stm32f1xx_it.h_save
2024-01-11 16:13:04,877 [INFO] CodeEngine:279 - Generated code: D:\Embedded_Programming\STM\STM32\Microprocessors_Microcontrollers_Lab\Microprocessors_Microcontrollers_Lab_3\STM32CubeIDE\STM32ProjectforLab3\Core\Inc\stm32f1xx_it.h
2024-01-11 16:13:04,904 [INFO] CodeEngine:255 - oldGeneratedFile, D:\Embedded_Programming\STM\STM32\Microprocessors_Microcontrollers_Lab\Microprocessors_Microcontrollers_Lab_3\STM32CubeIDE\STM32ProjectforLab3\Core\Src\stm32f1xx_hal_msp.c_save
2024-01-11 16:13:04,990 [INFO] CodeEngine:279 - Generated code: D:\Embedded_Programming\STM\STM32\Microprocessors_Microcontrollers_Lab\Microprocessors_Microcontrollers_Lab_3\STM32CubeIDE\STM32ProjectforLab3\Core\Src\stm32f1xx_hal_msp.c
2024-01-11 16:13:04,993 [INFO] CodeEngine:255 - oldGeneratedFile, D:\Embedded_Programming\STM\STM32\Microprocessors_Microcontrollers_Lab\Microprocessors_Microcontrollers_Lab_3\STM32CubeIDE\STM32ProjectforLab3\MXTmpFiles\system.tmp_save
2024-01-11 16:13:05,042 [INFO] CodeEngine:279 - Generated code: D:\Embedded_Programming\STM\STM32\Microprocessors_Microcontrollers_Lab\Microprocessors_Microcontrollers_Lab_3\STM32CubeIDE\STM32ProjectforLab3\MXTmpFiles\system.tmp
2024-01-11 16:13:05,067 [INFO] CodeEngine:311 - oldGeneratedFile, D:\Embedded_Programming\STM\STM32\Microprocessors_Microcontrollers_Lab\Microprocessors_Microcontrollers_Lab_3\STM32CubeIDE\STM32ProjectforLab3\Core\Inc\stm32f1xx_hal_conf.h_save
2024-01-11 16:13:05,166 [INFO] CodeEngine:335 - Generated code: D:\Embedded_Programming\STM\STM32\Microprocessors_Microcontrollers_Lab\Microprocessors_Microcontrollers_Lab_3\STM32CubeIDE\STM32ProjectforLab3\Core\Inc\stm32f1xx_hal_conf.h
2024-01-11 16:13:05,180 [WARN] IPConfigManager:3431 - IP not found : TIM
2024-01-11 16:13:05,180 [WARN] CodeGenerator:3754 - IP not found : null
2024-01-11 16:13:05,195 [INFO] CodeEngine:255 - oldGeneratedFile, D:\Embedded_Programming\STM\STM32\Microprocessors_Microcontrollers_Lab\Microprocessors_Microcontrollers_Lab_3\STM32CubeIDE\STM32ProjectforLab3\Core\Inc\main.h_save
2024-01-11 16:13:05,294 [INFO] CodeEngine:279 - Generated code: D:\Embedded_Programming\STM\STM32\Microprocessors_Microcontrollers_Lab\Microprocessors_Microcontrollers_Lab_3\STM32CubeIDE\STM32ProjectforLab3\Core\Inc\main.h
2024-01-11 16:13:05,318 [INFO] CodeEngine:255 - oldGeneratedFile, D:\Embedded_Programming\STM\STM32\Microprocessors_Microcontrollers_Lab\Microprocessors_Microcontrollers_Lab_3\STM32CubeIDE\STM32ProjectforLab3\Core\Src\main.c_save
2024-01-11 16:13:05,406 [INFO] CodeEngine:279 - Generated code: D:\Embedded_Programming\STM\STM32\Microprocessors_Microcontrollers_Lab\Microprocessors_Microcontrollers_Lab_3\STM32CubeIDE\STM32ProjectforLab3\Core\Src\main.c
2024-01-11 16:13:05,964 [INFO] ProjectBuilder:2996 - Time for Copy HAL[1] : 94mS.
2024-01-11 16:13:05,965 [INFO] ProjectBuilder:4304 - Project Generator version: 3.19.2
2024-01-11 16:13:06,242 [INFO] ConfigFileManager:1483 - The Die is : DIE412
2024-01-11 16:13:07,617 [INFO] ProjectBuilder:4505 - Time for Generating toolchain IDE Files: 1652mS.
2024-01-11 16:13:07,618 [INFO] ProjectBuilder:2867 - Time for Copy CMSIS : 0mS.
2024-01-11 16:13:07,620 [INFO] ProjectBuilder:2867 - Time for Copy CMSIS : 0mS.
